============================= test session starts ==============================
platform linux -- Python 3.12.3, pytest-9.0.2, pluggy-1.6.0 -- /root/projetos/navaro/packages/api/venv/bin/python3
cachedir: .pytest_cache
rootdir: /root/projetos/navaro/packages/api
configfile: pyproject.toml
plugins: asyncio-1.3.0, anyio-4.12.1
asyncio: mode=Mode.AUTO, debug=False, asyncio_default_fixture_loop_scope=None, asyncio_default_test_loop_scope=function
collecting ... collected 1 item

tests/api/v1/test_auth.py::test_auth_flow Using selector: EpollSelector
Using selector: EpollSelector
[2m2026-02-05T03:33:10.903333Z[0m [[32m[1minfo     [0m] [1mStarting application          [0m [[0m[1m[34mapp.main[0m][0m [36mapp[0m=[35m'Navaro API'[0m [36menvironment[0m=[35mdevelopment[0m [36mmode[0m=[35mdebug[0m [36mname[0m=[35m'Navaro API'[0m [36mversion[0m=[35m1.0.0[0m
2026-02-05 04:33:10,981 INFO sqlalchemy.engine.Engine select pg_catalog.version()
select pg_catalog.version()
2026-02-05 04:33:10,981 INFO sqlalchemy.engine.Engine [raw sql] ()
[raw sql] ()
2026-02-05 04:33:10,988 INFO sqlalchemy.engine.Engine select current_schema()
select current_schema()
2026-02-05 04:33:10,988 INFO sqlalchemy.engine.Engine [raw sql] ()
[raw sql] ()
2026-02-05 04:33:10,992 INFO sqlalchemy.engine.Engine show standard_conforming_strings
show standard_conforming_strings
2026-02-05 04:33:10,993 INFO sqlalchemy.engine.Engine [raw sql] ()
[raw sql] ()
2026-02-05 04:33:10,996 INFO sqlalchemy.engine.Engine BEGIN (implicit)
BEGIN (implicit)
2026-02-05 04:33:11,004 INFO sqlalchemy.engine.Engine SELECT pg_catalog.pg_class.relname 
FROM pg_catalog.pg_class JOIN pg_catalog.pg_namespace ON pg_catalog.pg_namespace.oid = pg_catalog.pg_class.relnamespace 
WHERE pg_catalog.pg_class.relname = $1::VARCHAR AND pg_catalog.pg_class.relkind = ANY (ARRAY[$2::VARCHAR, $3::VARCHAR, $4::VARCHAR, $5::VARCHAR, $6::VARCHAR]) AND pg_catalog.pg_table_is_visible(pg_catalog.pg_class.oid) AND pg_catalog.pg_namespace.nspname != $7::VARCHAR
SELECT pg_catalog.pg_class.relname 
FROM pg_catalog.pg_class JOIN pg_catalog.pg_namespace ON pg_catalog.pg_namespace.oid = pg_catalog.pg_class.relnamespace 
WHERE pg_catalog.pg_class.relname = $1::VARCHAR AND pg_catalog.pg_class.relkind = ANY (ARRAY[$2::VARCHAR, $3::VARCHAR, $4::VARCHAR, $5::VARCHAR, $6::VARCHAR]) AND pg_catalog.pg_table_is_visible(pg_catalog.pg_class.oid) AND pg_catalog.pg_namespace.nspname != $7::VARCHAR
2026-02-05 04:33:11,005 INFO sqlalchemy.engine.Engine [generated in 0.00065s] ('users', 'r', 'p', 'f', 'v', 'm', 'pg_catalog')
[generated in 0.00065s] ('users', 'r', 'p', 'f', 'v', 'm', 'pg_catalog')
2026-02-05 04:33:11,022 INFO sqlalchemy.engine.Engine SELECT pg_catalog.pg_class.relname 
FROM pg_catalog.pg_class JOIN pg_catalog.pg_namespace ON pg_catalog.pg_namespace.oid = pg_catalog.pg_class.relnamespace 
WHERE pg_catalog.pg_class.relname = $1::VARCHAR AND pg_catalog.pg_class.relkind = ANY (ARRAY[$2::VARCHAR, $3::VARCHAR, $4::VARCHAR, $5::VARCHAR, $6::VARCHAR]) AND pg_catalog.pg_table_is_visible(pg_catalog.pg_class.oid) AND pg_catalog.pg_namespace.nspname != $7::VARCHAR
SELECT pg_catalog.pg_class.relname 
FROM pg_catalog.pg_class JOIN pg_catalog.pg_namespace ON pg_catalog.pg_namespace.oid = pg_catalog.pg_class.relnamespace 
WHERE pg_catalog.pg_class.relname = $1::VARCHAR AND pg_catalog.pg_class.relkind = ANY (ARRAY[$2::VARCHAR, $3::VARCHAR, $4::VARCHAR, $5::VARCHAR, $6::VARCHAR]) AND pg_catalog.pg_table_is_visible(pg_catalog.pg_class.oid) AND pg_catalog.pg_namespace.nspname != $7::VARCHAR
2026-02-05 04:33:11,022 INFO sqlalchemy.engine.Engine [cached since 0.01795s ago] ('establishments', 'r', 'p', 'f', 'v', 'm', 'pg_catalog')
[cached since 0.01795s ago] ('establishments', 'r', 'p', 'f', 'v', 'm', 'pg_catalog')
2026-02-05 04:33:11,026 INFO sqlalchemy.engine.Engine SELECT pg_catalog.pg_class.relname 
FROM pg_catalog.pg_class JOIN pg_catalog.pg_namespace ON pg_catalog.pg_namespace.oid = pg_catalog.pg_class.relnamespace 
WHERE pg_catalog.pg_class.relname = $1::VARCHAR AND pg_catalog.pg_class.relkind = ANY (ARRAY[$2::VARCHAR, $3::VARCHAR, $4::VARCHAR, $5::VARCHAR, $6::VARCHAR]) AND pg_catalog.pg_table_is_visible(pg_catalog.pg_class.oid) AND pg_catalog.pg_namespace.nspname != $7::VARCHAR
SELECT pg_catalog.pg_class.relname 
FROM pg_catalog.pg_class JOIN pg_catalog.pg_namespace ON pg_catalog.pg_namespace.oid = pg_catalog.pg_class.relnamespace 
WHERE pg_catalog.pg_class.relname = $1::VARCHAR AND pg_catalog.pg_class.relkind = ANY (ARRAY[$2::VARCHAR, $3::VARCHAR, $4::VARCHAR, $5::VARCHAR, $6::VARCHAR]) AND pg_catalog.pg_table_is_visible(pg_catalog.pg_class.oid) AND pg_catalog.pg_namespace.nspname != $7::VARCHAR
2026-02-05 04:33:11,026 INFO sqlalchemy.engine.Engine [cached since 0.02233s ago] ('service_staff', 'r', 'p', 'f', 'v', 'm', 'pg_catalog')
[cached since 0.02233s ago] ('service_staff', 'r', 'p', 'f', 'v', 'm', 'pg_catalog')
2026-02-05 04:33:11,030 INFO sqlalchemy.engine.Engine SELECT pg_catalog.pg_class.relname 
FROM pg_catalog.pg_class JOIN pg_catalog.pg_namespace ON pg_catalog.pg_namespace.oid = pg_catalog.pg_class.relnamespace 
WHERE pg_catalog.pg_class.relname = $1::VARCHAR AND pg_catalog.pg_class.relkind = ANY (ARRAY[$2::VARCHAR, $3::VARCHAR, $4::VARCHAR, $5::VARCHAR, $6::VARCHAR]) AND pg_catalog.pg_table_is_visible(pg_catalog.pg_class.oid) AND pg_catalog.pg_namespace.nspname != $7::VARCHAR
SELECT pg_catalog.pg_class.relname 
FROM pg_catalog.pg_class JOIN pg_catalog.pg_namespace ON pg_catalog.pg_namespace.oid = pg_catalog.pg_class.relnamespace 
WHERE pg_catalog.pg_class.relname = $1::VARCHAR AND pg_catalog.pg_class.relkind = ANY (ARRAY[$2::VARCHAR, $3::VARCHAR, $4::VARCHAR, $5::VARCHAR, $6::VARCHAR]) AND pg_catalog.pg_table_is_visible(pg_catalog.pg_class.oid) AND pg_catalog.pg_namespace.nspname != $7::VARCHAR
2026-02-05 04:33:11,031 INFO sqlalchemy.engine.Engine [cached since 0.02699s ago] ('services', 'r', 'p', 'f', 'v', 'm', 'pg_catalog')
[cached since 0.02699s ago] ('services', 'r', 'p', 'f', 'v', 'm', 'pg_catalog')
2026-02-05 04:33:11,035 INFO sqlalchemy.engine.Engine SELECT pg_catalog.pg_class.relname 
FROM pg_catalog.pg_class JOIN pg_catalog.pg_namespace ON pg_catalog.pg_namespace.oid = pg_catalog.pg_class.relnamespace 
WHERE pg_catalog.pg_class.relname = $1::VARCHAR AND pg_catalog.pg_class.relkind = ANY (ARRAY[$2::VARCHAR, $3::VARCHAR, $4::VARCHAR, $5::VARCHAR, $6::VARCHAR]) AND pg_catalog.pg_table_is_visible(pg_catalog.pg_class.oid) AND pg_catalog.pg_namespace.nspname != $7::VARCHAR
SELECT pg_catalog.pg_class.relname 
FROM pg_catalog.pg_class JOIN pg_catalog.pg_namespace ON pg_catalog.pg_namespace.oid = pg_catalog.pg_class.relnamespace 
WHERE pg_catalog.pg_class.relname = $1::VARCHAR AND pg_catalog.pg_class.relkind = ANY (ARRAY[$2::VARCHAR, $3::VARCHAR, $4::VARCHAR, $5::VARCHAR, $6::VARCHAR]) AND pg_catalog.pg_table_is_visible(pg_catalog.pg_class.oid) AND pg_catalog.pg_namespace.nspname != $7::VARCHAR
2026-02-05 04:33:11,036 INFO sqlalchemy.engine.Engine [cached since 0.03155s ago] ('service_bundles', 'r', 'p', 'f', 'v', 'm', 'pg_catalog')
[cached since 0.03155s ago] ('service_bundles', 'r', 'p', 'f', 'v', 'm', 'pg_catalog')
2026-02-05 04:33:11,039 INFO sqlalchemy.engine.Engine SELECT pg_catalog.pg_class.relname 
FROM pg_catalog.pg_class JOIN pg_catalog.pg_namespace ON pg_catalog.pg_namespace.oid = pg_catalog.pg_class.relnamespace 
WHERE pg_catalog.pg_class.relname = $1::VARCHAR AND pg_catalog.pg_class.relkind = ANY (ARRAY[$2::VARCHAR, $3::VARCHAR, $4::VARCHAR, $5::VARCHAR, $6::VARCHAR]) AND pg_catalog.pg_table_is_visible(pg_catalog.pg_class.oid) AND pg_catalog.pg_namespace.nspname != $7::VARCHAR
SELECT pg_catalog.pg_class.relname 
FROM pg_catalog.pg_class JOIN pg_catalog.pg_namespace ON pg_catalog.pg_namespace.oid = pg_catalog.pg_class.relnamespace 
WHERE pg_catalog.pg_class.relname = $1::VARCHAR AND pg_catalog.pg_class.relkind = ANY (ARRAY[$2::VARCHAR, $3::VARCHAR, $4::VARCHAR, $5::VARCHAR, $6::VARCHAR]) AND pg_catalog.pg_table_is_visible(pg_catalog.pg_class.oid) AND pg_catalog.pg_namespace.nspname != $7::VARCHAR
2026-02-05 04:33:11,040 INFO sqlalchemy.engine.Engine [cached since 0.03583s ago] ('service_bundle_items', 'r', 'p', 'f', 'v', 'm', 'pg_catalog')
[cached since 0.03583s ago] ('service_bundle_items', 'r', 'p', 'f', 'v', 'm', 'pg_catalog')
2026-02-05 04:33:11,046 INFO sqlalchemy.engine.Engine SELECT pg_catalog.pg_class.relname 
FROM pg_catalog.pg_class JOIN pg_catalog.pg_namespace ON pg_catalog.pg_namespace.oid = pg_catalog.pg_class.relnamespace 
WHERE pg_catalog.pg_class.relname = $1::VARCHAR AND pg_catalog.pg_class.relkind = ANY (ARRAY[$2::VARCHAR, $3::VARCHAR, $4::VARCHAR, $5::VARCHAR, $6::VARCHAR]) AND pg_catalog.pg_table_is_visible(pg_catalog.pg_class.oid) AND pg_catalog.pg_namespace.nspname != $7::VARCHAR
SELECT pg_catalog.pg_class.relname 
FROM pg_catalog.pg_class JOIN pg_catalog.pg_namespace ON pg_catalog.pg_namespace.oid = pg_catalog.pg_class.relnamespace 
WHERE pg_catalog.pg_class.relname = $1::VARCHAR AND pg_catalog.pg_class.relkind = ANY (ARRAY[$2::VARCHAR, $3::VARCHAR, $4::VARCHAR, $5::VARCHAR, $6::VARCHAR]) AND pg_catalog.pg_table_is_visible(pg_catalog.pg_class.oid) AND pg_catalog.pg_namespace.nspname != $7::VARCHAR
2026-02-05 04:33:11,046 INFO sqlalchemy.engine.Engine [cached since 0.04194s ago] ('staff_members', 'r', 'p', 'f', 'v', 'm', 'pg_catalog')
[cached since 0.04194s ago] ('staff_members', 'r', 'p', 'f', 'v', 'm', 'pg_catalog')
2026-02-05 04:33:11,048 INFO sqlalchemy.engine.Engine SELECT pg_catalog.pg_class.relname 
FROM pg_catalog.pg_class JOIN pg_catalog.pg_namespace ON pg_catalog.pg_namespace.oid = pg_catalog.pg_class.relnamespace 
WHERE pg_catalog.pg_class.relname = $1::VARCHAR AND pg_catalog.pg_class.relkind = ANY (ARRAY[$2::VARCHAR, $3::VARCHAR, $4::VARCHAR, $5::VARCHAR, $6::VARCHAR]) AND pg_catalog.pg_table_is_visible(pg_catalog.pg_class.oid) AND pg_catalog.pg_namespace.nspname != $7::VARCHAR
SELECT pg_catalog.pg_class.relname 
FROM pg_catalog.pg_class JOIN pg_catalog.pg_namespace ON pg_catalog.pg_namespace.oid = pg_catalog.pg_class.relnamespace 
WHERE pg_catalog.pg_class.relname = $1::VARCHAR AND pg_catalog.pg_class.relkind = ANY (ARRAY[$2::VARCHAR, $3::VARCHAR, $4::VARCHAR, $5::VARCHAR, $6::VARCHAR]) AND pg_catalog.pg_table_is_visible(pg_catalog.pg_class.oid) AND pg_catalog.pg_namespace.nspname != $7::VARCHAR
2026-02-05 04:33:11,048 INFO sqlalchemy.engine.Engine [cached since 0.04384s ago] ('subscription_plans', 'r', 'p', 'f', 'v', 'm', 'pg_catalog')
[cached since 0.04384s ago] ('subscription_plans', 'r', 'p', 'f', 'v', 'm', 'pg_catalog')
2026-02-05 04:33:11,051 INFO sqlalchemy.engine.Engine SELECT pg_catalog.pg_class.relname 
FROM pg_catalog.pg_class JOIN pg_catalog.pg_namespace ON pg_catalog.pg_namespace.oid = pg_catalog.pg_class.relnamespace 
WHERE pg_catalog.pg_class.relname = $1::VARCHAR AND pg_catalog.pg_class.relkind = ANY (ARRAY[$2::VARCHAR, $3::VARCHAR, $4::VARCHAR, $5::VARCHAR, $6::VARCHAR]) AND pg_catalog.pg_table_is_visible(pg_catalog.pg_class.oid) AND pg_catalog.pg_namespace.nspname != $7::VARCHAR
SELECT pg_catalog.pg_class.relname 
FROM pg_catalog.pg_class JOIN pg_catalog.pg_namespace ON pg_catalog.pg_namespace.oid = pg_catalog.pg_class.relnamespace 
WHERE pg_catalog.pg_class.relname = $1::VARCHAR AND pg_catalog.pg_class.relkind = ANY (ARRAY[$2::VARCHAR, $3::VARCHAR, $4::VARCHAR, $5::VARCHAR, $6::VARCHAR]) AND pg_catalog.pg_table_is_visible(pg_catalog.pg_class.oid) AND pg_catalog.pg_namespace.nspname != $7::VARCHAR
2026-02-05 04:33:11,053 INFO sqlalchemy.engine.Engine [cached since 0.04913s ago] ('subscription_plan_items', 'r', 'p', 'f', 'v', 'm', 'pg_catalog')
[cached since 0.04913s ago] ('subscription_plan_items', 'r', 'p', 'f', 'v', 'm', 'pg_catalog')
2026-02-05 04:33:11,055 INFO sqlalchemy.engine.Engine SELECT pg_catalog.pg_class.relname 
FROM pg_catalog.pg_class JOIN pg_catalog.pg_namespace ON pg_catalog.pg_namespace.oid = pg_catalog.pg_class.relnamespace 
WHERE pg_catalog.pg_class.relname = $1::VARCHAR AND pg_catalog.pg_class.relkind = ANY (ARRAY[$2::VARCHAR, $3::VARCHAR, $4::VARCHAR, $5::VARCHAR, $6::VARCHAR]) AND pg_catalog.pg_table_is_visible(pg_catalog.pg_class.oid) AND pg_catalog.pg_namespace.nspname != $7::VARCHAR
SELECT pg_catalog.pg_class.relname 
FROM pg_catalog.pg_class JOIN pg_catalog.pg_namespace ON pg_catalog.pg_namespace.oid = pg_catalog.pg_class.relnamespace 
WHERE pg_catalog.pg_class.relname = $1::VARCHAR AND pg_catalog.pg_class.relkind = ANY (ARRAY[$2::VARCHAR, $3::VARCHAR, $4::VARCHAR, $5::VARCHAR, $6::VARCHAR]) AND pg_catalog.pg_table_is_visible(pg_catalog.pg_class.oid) AND pg_catalog.pg_namespace.nspname != $7::VARCHAR
2026-02-05 04:33:11,058 INFO sqlalchemy.engine.Engine [cached since 0.0542s ago] ('subscriptions', 'r', 'p', 'f', 'v', 'm', 'pg_catalog')
[cached since 0.0542s ago] ('subscriptions', 'r', 'p', 'f', 'v', 'm', 'pg_catalog')
2026-02-05 04:33:11,060 INFO sqlalchemy.engine.Engine SELECT pg_catalog.pg_class.relname 
FROM pg_catalog.pg_class JOIN pg_catalog.pg_namespace ON pg_catalog.pg_namespace.oid = pg_catalog.pg_class.relnamespace 
WHERE pg_catalog.pg_class.relname = $1::VARCHAR AND pg_catalog.pg_class.relkind = ANY (ARRAY[$2::VARCHAR, $3::VARCHAR, $4::VARCHAR, $5::VARCHAR, $6::VARCHAR]) AND pg_catalog.pg_table_is_visible(pg_catalog.pg_class.oid) AND pg_catalog.pg_namespace.nspname != $7::VARCHAR
SELECT pg_catalog.pg_class.relname 
FROM pg_catalog.pg_class JOIN pg_catalog.pg_namespace ON pg_catalog.pg_namespace.oid = pg_catalog.pg_class.relnamespace 
WHERE pg_catalog.pg_class.relname = $1::VARCHAR AND pg_catalog.pg_class.relkind = ANY (ARRAY[$2::VARCHAR, $3::VARCHAR, $4::VARCHAR, $5::VARCHAR, $6::VARCHAR]) AND pg_catalog.pg_table_is_visible(pg_catalog.pg_class.oid) AND pg_catalog.pg_namespace.nspname != $7::VARCHAR
2026-02-05 04:33:11,060 INFO sqlalchemy.engine.Engine [cached since 0.05655s ago] ('subscription_usage', 'r', 'p', 'f', 'v', 'm', 'pg_catalog')
[cached since 0.05655s ago] ('subscription_usage', 'r', 'p', 'f', 'v', 'm', 'pg_catalog')
2026-02-05 04:33:11,065 INFO sqlalchemy.engine.Engine SELECT pg_catalog.pg_class.relname 
FROM pg_catalog.pg_class JOIN pg_catalog.pg_namespace ON pg_catalog.pg_namespace.oid = pg_catalog.pg_class.relnamespace 
WHERE pg_catalog.pg_class.relname = $1::VARCHAR AND pg_catalog.pg_class.relkind = ANY (ARRAY[$2::VARCHAR, $3::VARCHAR, $4::VARCHAR, $5::VARCHAR, $6::VARCHAR]) AND pg_catalog.pg_table_is_visible(pg_catalog.pg_class.oid) AND pg_catalog.pg_namespace.nspname != $7::VARCHAR
SELECT pg_catalog.pg_class.relname 
FROM pg_catalog.pg_class JOIN pg_catalog.pg_namespace ON pg_catalog.pg_namespace.oid = pg_catalog.pg_class.relnamespace 
WHERE pg_catalog.pg_class.relname = $1::VARCHAR AND pg_catalog.pg_class.relkind = ANY (ARRAY[$2::VARCHAR, $3::VARCHAR, $4::VARCHAR, $5::VARCHAR, $6::VARCHAR]) AND pg_catalog.pg_table_is_visible(pg_catalog.pg_class.oid) AND pg_catalog.pg_namespace.nspname != $7::VARCHAR
2026-02-05 04:33:11,065 INFO sqlalchemy.engine.Engine [cached since 0.06104s ago] ('appointments', 'r', 'p', 'f', 'v', 'm', 'pg_catalog')
[cached since 0.06104s ago] ('appointments', 'r', 'p', 'f', 'v', 'm', 'pg_catalog')
2026-02-05 04:33:11,070 INFO sqlalchemy.engine.Engine SELECT pg_catalog.pg_class.relname 
FROM pg_catalog.pg_class JOIN pg_catalog.pg_namespace ON pg_catalog.pg_namespace.oid = pg_catalog.pg_class.relnamespace 
WHERE pg_catalog.pg_class.relname = $1::VARCHAR AND pg_catalog.pg_class.relkind = ANY (ARRAY[$2::VARCHAR, $3::VARCHAR, $4::VARCHAR, $5::VARCHAR, $6::VARCHAR]) AND pg_catalog.pg_table_is_visible(pg_catalog.pg_class.oid) AND pg_catalog.pg_namespace.nspname != $7::VARCHAR
SELECT pg_catalog.pg_class.relname 
FROM pg_catalog.pg_class JOIN pg_catalog.pg_namespace ON pg_catalog.pg_namespace.oid = pg_catalog.pg_class.relnamespace 
WHERE pg_catalog.pg_class.relname = $1::VARCHAR AND pg_catalog.pg_class.relkind = ANY (ARRAY[$2::VARCHAR, $3::VARCHAR, $4::VARCHAR, $5::VARCHAR, $6::VARCHAR]) AND pg_catalog.pg_table_is_visible(pg_catalog.pg_class.oid) AND pg_catalog.pg_namespace.nspname != $7::VARCHAR
2026-02-05 04:33:11,070 INFO sqlalchemy.engine.Engine [cached since 0.06592s ago] ('checkins', 'r', 'p', 'f', 'v', 'm', 'pg_catalog')
[cached since 0.06592s ago] ('checkins', 'r', 'p', 'f', 'v', 'm', 'pg_catalog')
2026-02-05 04:33:11,072 INFO sqlalchemy.engine.Engine SELECT pg_catalog.pg_class.relname 
FROM pg_catalog.pg_class JOIN pg_catalog.pg_namespace ON pg_catalog.pg_namespace.oid = pg_catalog.pg_class.relnamespace 
WHERE pg_catalog.pg_class.relname = $1::VARCHAR AND pg_catalog.pg_class.relkind = ANY (ARRAY[$2::VARCHAR, $3::VARCHAR, $4::VARCHAR, $5::VARCHAR, $6::VARCHAR]) AND pg_catalog.pg_table_is_visible(pg_catalog.pg_class.oid) AND pg_catalog.pg_namespace.nspname != $7::VARCHAR
SELECT pg_catalog.pg_class.relname 
FROM pg_catalog.pg_class JOIN pg_catalog.pg_namespace ON pg_catalog.pg_namespace.oid = pg_catalog.pg_class.relnamespace 
WHERE pg_catalog.pg_class.relname = $1::VARCHAR AND pg_catalog.pg_class.relkind = ANY (ARRAY[$2::VARCHAR, $3::VARCHAR, $4::VARCHAR, $5::VARCHAR, $6::VARCHAR]) AND pg_catalog.pg_table_is_visible(pg_catalog.pg_class.oid) AND pg_catalog.pg_namespace.nspname != $7::VARCHAR
2026-02-05 04:33:11,072 INFO sqlalchemy.engine.Engine [cached since 0.0683s ago] ('queue_entries', 'r', 'p', 'f', 'v', 'm', 'pg_catalog')
[cached since 0.0683s ago] ('queue_entries', 'r', 'p', 'f', 'v', 'm', 'pg_catalog')
2026-02-05 04:33:11,075 INFO sqlalchemy.engine.Engine SELECT pg_catalog.pg_class.relname 
FROM pg_catalog.pg_class JOIN pg_catalog.pg_namespace ON pg_catalog.pg_namespace.oid = pg_catalog.pg_class.relnamespace 
WHERE pg_catalog.pg_class.relname = $1::VARCHAR AND pg_catalog.pg_class.relkind = ANY (ARRAY[$2::VARCHAR, $3::VARCHAR, $4::VARCHAR, $5::VARCHAR, $6::VARCHAR]) AND pg_catalog.pg_table_is_visible(pg_catalog.pg_class.oid) AND pg_catalog.pg_namespace.nspname != $7::VARCHAR
SELECT pg_catalog.pg_class.relname 
FROM pg_catalog.pg_class JOIN pg_catalog.pg_namespace ON pg_catalog.pg_namespace.oid = pg_catalog.pg_class.relnamespace 
WHERE pg_catalog.pg_class.relname = $1::VARCHAR AND pg_catalog.pg_class.relkind = ANY (ARRAY[$2::VARCHAR, $3::VARCHAR, $4::VARCHAR, $5::VARCHAR, $6::VARCHAR]) AND pg_catalog.pg_table_is_visible(pg_catalog.pg_class.oid) AND pg_catalog.pg_namespace.nspname != $7::VARCHAR
2026-02-05 04:33:11,076 INFO sqlalchemy.engine.Engine [cached since 0.07198s ago] ('reviews', 'r', 'p', 'f', 'v', 'm', 'pg_catalog')
[cached since 0.07198s ago] ('reviews', 'r', 'p', 'f', 'v', 'm', 'pg_catalog')
2026-02-05 04:33:11,079 INFO sqlalchemy.engine.Engine SELECT pg_catalog.pg_class.relname 
FROM pg_catalog.pg_class JOIN pg_catalog.pg_namespace ON pg_catalog.pg_namespace.oid = pg_catalog.pg_class.relnamespace 
WHERE pg_catalog.pg_class.relname = $1::VARCHAR AND pg_catalog.pg_class.relkind = ANY (ARRAY[$2::VARCHAR, $3::VARCHAR, $4::VARCHAR, $5::VARCHAR, $6::VARCHAR]) AND pg_catalog.pg_table_is_visible(pg_catalog.pg_class.oid) AND pg_catalog.pg_namespace.nspname != $7::VARCHAR
SELECT pg_catalog.pg_class.relname 
FROM pg_catalog.pg_class JOIN pg_catalog.pg_namespace ON pg_catalog.pg_namespace.oid = pg_catalog.pg_class.relnamespace 
WHERE pg_catalog.pg_class.relname = $1::VARCHAR AND pg_catalog.pg_class.relkind = ANY (ARRAY[$2::VARCHAR, $3::VARCHAR, $4::VARCHAR, $5::VARCHAR, $6::VARCHAR]) AND pg_catalog.pg_table_is_visible(pg_catalog.pg_class.oid) AND pg_catalog.pg_namespace.nspname != $7::VARCHAR
2026-02-05 04:33:11,079 INFO sqlalchemy.engine.Engine [cached since 0.07499s ago] ('favorites', 'r', 'p', 'f', 'v', 'm', 'pg_catalog')
[cached since 0.07499s ago] ('favorites', 'r', 'p', 'f', 'v', 'm', 'pg_catalog')
2026-02-05 04:33:11,086 INFO sqlalchemy.engine.Engine SELECT pg_catalog.pg_class.relname 
FROM pg_catalog.pg_class JOIN pg_catalog.pg_namespace ON pg_catalog.pg_namespace.oid = pg_catalog.pg_class.relnamespace 
WHERE pg_catalog.pg_class.relname = $1::VARCHAR AND pg_catalog.pg_class.relkind = ANY (ARRAY[$2::VARCHAR, $3::VARCHAR, $4::VARCHAR, $5::VARCHAR, $6::VARCHAR]) AND pg_catalog.pg_table_is_visible(pg_catalog.pg_class.oid) AND pg_catalog.pg_namespace.nspname != $7::VARCHAR
SELECT pg_catalog.pg_class.relname 
FROM pg_catalog.pg_class JOIN pg_catalog.pg_namespace ON pg_catalog.pg_namespace.oid = pg_catalog.pg_class.relnamespace 
WHERE pg_catalog.pg_class.relname = $1::VARCHAR AND pg_catalog.pg_class.relkind = ANY (ARRAY[$2::VARCHAR, $3::VARCHAR, $4::VARCHAR, $5::VARCHAR, $6::VARCHAR]) AND pg_catalog.pg_table_is_visible(pg_catalog.pg_class.oid) AND pg_catalog.pg_namespace.nspname != $7::VARCHAR
2026-02-05 04:33:11,086 INFO sqlalchemy.engine.Engine [cached since 0.08205s ago] ('favorite_staff', 'r', 'p', 'f', 'v', 'm', 'pg_catalog')
[cached since 0.08205s ago] ('favorite_staff', 'r', 'p', 'f', 'v', 'm', 'pg_catalog')
2026-02-05 04:33:11,090 INFO sqlalchemy.engine.Engine SELECT pg_catalog.pg_class.relname 
FROM pg_catalog.pg_class JOIN pg_catalog.pg_namespace ON pg_catalog.pg_namespace.oid = pg_catalog.pg_class.relnamespace 
WHERE pg_catalog.pg_class.relname = $1::VARCHAR AND pg_catalog.pg_class.relkind = ANY (ARRAY[$2::VARCHAR, $3::VARCHAR, $4::VARCHAR, $5::VARCHAR, $6::VARCHAR]) AND pg_catalog.pg_table_is_visible(pg_catalog.pg_class.oid) AND pg_catalog.pg_namespace.nspname != $7::VARCHAR
SELECT pg_catalog.pg_class.relname 
FROM pg_catalog.pg_class JOIN pg_catalog.pg_namespace ON pg_catalog.pg_namespace.oid = pg_catalog.pg_class.relnamespace 
WHERE pg_catalog.pg_class.relname = $1::VARCHAR AND pg_catalog.pg_class.relkind = ANY (ARRAY[$2::VARCHAR, $3::VARCHAR, $4::VARCHAR, $5::VARCHAR, $6::VARCHAR]) AND pg_catalog.pg_table_is_visible(pg_catalog.pg_class.oid) AND pg_catalog.pg_namespace.nspname != $7::VARCHAR
2026-02-05 04:33:11,091 INFO sqlalchemy.engine.Engine [cached since 0.08671s ago] ('payments', 'r', 'p', 'f', 'v', 'm', 'pg_catalog')
[cached since 0.08671s ago] ('payments', 'r', 'p', 'f', 'v', 'm', 'pg_catalog')
2026-02-05 04:33:11,096 INFO sqlalchemy.engine.Engine SELECT pg_catalog.pg_class.relname 
FROM pg_catalog.pg_class JOIN pg_catalog.pg_namespace ON pg_catalog.pg_namespace.oid = pg_catalog.pg_class.relnamespace 
WHERE pg_catalog.pg_class.relname = $1::VARCHAR AND pg_catalog.pg_class.relkind = ANY (ARRAY[$2::VARCHAR, $3::VARCHAR, $4::VARCHAR, $5::VARCHAR, $6::VARCHAR]) AND pg_catalog.pg_table_is_visible(pg_catalog.pg_class.oid) AND pg_catalog.pg_namespace.nspname != $7::VARCHAR
SELECT pg_catalog.pg_class.relname 
FROM pg_catalog.pg_class JOIN pg_catalog.pg_namespace ON pg_catalog.pg_namespace.oid = pg_catalog.pg_class.relnamespace 
WHERE pg_catalog.pg_class.relname = $1::VARCHAR AND pg_catalog.pg_class.relkind = ANY (ARRAY[$2::VARCHAR, $3::VARCHAR, $4::VARCHAR, $5::VARCHAR, $6::VARCHAR]) AND pg_catalog.pg_table_is_visible(pg_catalog.pg_class.oid) AND pg_catalog.pg_namespace.nspname != $7::VARCHAR
2026-02-05 04:33:11,096 INFO sqlalchemy.engine.Engine [cached since 0.09221s ago] ('tips', 'r', 'p', 'f', 'v', 'm', 'pg_catalog')
[cached since 0.09221s ago] ('tips', 'r', 'p', 'f', 'v', 'm', 'pg_catalog')
2026-02-05 04:33:11,098 INFO sqlalchemy.engine.Engine SELECT pg_catalog.pg_class.relname 
FROM pg_catalog.pg_class JOIN pg_catalog.pg_namespace ON pg_catalog.pg_namespace.oid = pg_catalog.pg_class.relnamespace 
WHERE pg_catalog.pg_class.relname = $1::VARCHAR AND pg_catalog.pg_class.relkind = ANY (ARRAY[$2::VARCHAR, $3::VARCHAR, $4::VARCHAR, $5::VARCHAR, $6::VARCHAR]) AND pg_catalog.pg_table_is_visible(pg_catalog.pg_class.oid) AND pg_catalog.pg_namespace.nspname != $7::VARCHAR
SELECT pg_catalog.pg_class.relname 
FROM pg_catalog.pg_class JOIN pg_catalog.pg_namespace ON pg_catalog.pg_namespace.oid = pg_catalog.pg_class.relnamespace 
WHERE pg_catalog.pg_class.relname = $1::VARCHAR AND pg_catalog.pg_class.relkind = ANY (ARRAY[$2::VARCHAR, $3::VARCHAR, $4::VARCHAR, $5::VARCHAR, $6::VARCHAR]) AND pg_catalog.pg_table_is_visible(pg_catalog.pg_class.oid) AND pg_catalog.pg_namespace.nspname != $7::VARCHAR
2026-02-05 04:33:11,098 INFO sqlalchemy.engine.Engine [cached since 0.09441s ago] ('payouts', 'r', 'p', 'f', 'v', 'm', 'pg_catalog')
[cached since 0.09441s ago] ('payouts', 'r', 'p', 'f', 'v', 'm', 'pg_catalog')
2026-02-05 04:33:11,121 INFO sqlalchemy.engine.Engine SELECT pg_catalog.pg_class.relname 
FROM pg_catalog.pg_class JOIN pg_catalog.pg_namespace ON pg_catalog.pg_namespace.oid = pg_catalog.pg_class.relnamespace 
WHERE pg_catalog.pg_class.relname = $1::VARCHAR AND pg_catalog.pg_class.relkind = ANY (ARRAY[$2::VARCHAR, $3::VARCHAR, $4::VARCHAR, $5::VARCHAR, $6::VARCHAR]) AND pg_catalog.pg_table_is_visible(pg_catalog.pg_class.oid) AND pg_catalog.pg_namespace.nspname != $7::VARCHAR
SELECT pg_catalog.pg_class.relname 
FROM pg_catalog.pg_class JOIN pg_catalog.pg_namespace ON pg_catalog.pg_namespace.oid = pg_catalog.pg_class.relnamespace 
WHERE pg_catalog.pg_class.relname = $1::VARCHAR AND pg_catalog.pg_class.relkind = ANY (ARRAY[$2::VARCHAR, $3::VARCHAR, $4::VARCHAR, $5::VARCHAR, $6::VARCHAR]) AND pg_catalog.pg_table_is_visible(pg_catalog.pg_class.oid) AND pg_catalog.pg_namespace.nspname != $7::VARCHAR
2026-02-05 04:33:11,121 INFO sqlalchemy.engine.Engine [cached since 0.1171s ago] ('portfolio_images', 'r', 'p', 'f', 'v', 'm', 'pg_catalog')
[cached since 0.1171s ago] ('portfolio_images', 'r', 'p', 'f', 'v', 'm', 'pg_catalog')
2026-02-05 04:33:11,126 INFO sqlalchemy.engine.Engine SELECT pg_catalog.pg_class.relname 
FROM pg_catalog.pg_class JOIN pg_catalog.pg_namespace ON pg_catalog.pg_namespace.oid = pg_catalog.pg_class.relnamespace 
WHERE pg_catalog.pg_class.relname = $1::VARCHAR AND pg_catalog.pg_class.relkind = ANY (ARRAY[$2::VARCHAR, $3::VARCHAR, $4::VARCHAR, $5::VARCHAR, $6::VARCHAR]) AND pg_catalog.pg_table_is_visible(pg_catalog.pg_class.oid) AND pg_catalog.pg_namespace.nspname != $7::VARCHAR
SELECT pg_catalog.pg_class.relname 
FROM pg_catalog.pg_class JOIN pg_catalog.pg_namespace ON pg_catalog.pg_namespace.oid = pg_catalog.pg_class.relnamespace 
WHERE pg_catalog.pg_class.relname = $1::VARCHAR AND pg_catalog.pg_class.relkind = ANY (ARRAY[$2::VARCHAR, $3::VARCHAR, $4::VARCHAR, $5::VARCHAR, $6::VARCHAR]) AND pg_catalog.pg_table_is_visible(pg_catalog.pg_class.oid) AND pg_catalog.pg_namespace.nspname != $7::VARCHAR
2026-02-05 04:33:11,126 INFO sqlalchemy.engine.Engine [cached since 0.1225s ago] ('search_history', 'r', 'p', 'f', 'v', 'm', 'pg_catalog')
[cached since 0.1225s ago] ('search_history', 'r', 'p', 'f', 'v', 'm', 'pg_catalog')
2026-02-05 04:33:11,128 INFO sqlalchemy.engine.Engine SELECT pg_catalog.pg_class.relname 
FROM pg_catalog.pg_class JOIN pg_catalog.pg_namespace ON pg_catalog.pg_namespace.oid = pg_catalog.pg_class.relnamespace 
WHERE pg_catalog.pg_class.relname = $1::VARCHAR AND pg_catalog.pg_class.relkind = ANY (ARRAY[$2::VARCHAR, $3::VARCHAR, $4::VARCHAR, $5::VARCHAR, $6::VARCHAR]) AND pg_catalog.pg_table_is_visible(pg_catalog.pg_class.oid) AND pg_catalog.pg_namespace.nspname != $7::VARCHAR
SELECT pg_catalog.pg_class.relname 
FROM pg_catalog.pg_class JOIN pg_catalog.pg_namespace ON pg_catalog.pg_namespace.oid = pg_catalog.pg_class.relnamespace 
WHERE pg_catalog.pg_class.relname = $1::VARCHAR AND pg_catalog.pg_class.relkind = ANY (ARRAY[$2::VARCHAR, $3::VARCHAR, $4::VARCHAR, $5::VARCHAR, $6::VARCHAR]) AND pg_catalog.pg_table_is_visible(pg_catalog.pg_class.oid) AND pg_catalog.pg_namespace.nspname != $7::VARCHAR
2026-02-05 04:33:11,128 INFO sqlalchemy.engine.Engine [cached since 0.1242s ago] ('establishment_plugins', 'r', 'p', 'f', 'v', 'm', 'pg_catalog')
[cached since 0.1242s ago] ('establishment_plugins', 'r', 'p', 'f', 'v', 'm', 'pg_catalog')
2026-02-05 04:33:11,134 INFO sqlalchemy.engine.Engine SELECT pg_catalog.pg_class.relname 
FROM pg_catalog.pg_class JOIN pg_catalog.pg_namespace ON pg_catalog.pg_namespace.oid = pg_catalog.pg_class.relnamespace 
WHERE pg_catalog.pg_class.relname = $1::VARCHAR AND pg_catalog.pg_class.relkind = ANY (ARRAY[$2::VARCHAR, $3::VARCHAR, $4::VARCHAR, $5::VARCHAR, $6::VARCHAR]) AND pg_catalog.pg_table_is_visible(pg_catalog.pg_class.oid) AND pg_catalog.pg_namespace.nspname != $7::VARCHAR
SELECT pg_catalog.pg_class.relname 
FROM pg_catalog.pg_class JOIN pg_catalog.pg_namespace ON pg_catalog.pg_namespace.oid = pg_catalog.pg_class.relnamespace 
WHERE pg_catalog.pg_class.relname = $1::VARCHAR AND pg_catalog.pg_class.relkind = ANY (ARRAY[$2::VARCHAR, $3::VARCHAR, $4::VARCHAR, $5::VARCHAR, $6::VARCHAR]) AND pg_catalog.pg_table_is_visible(pg_catalog.pg_class.oid) AND pg_catalog.pg_namespace.nspname != $7::VARCHAR
2026-02-05 04:33:11,134 INFO sqlalchemy.engine.Engine [cached since 0.13s ago] ('ad_campaigns', 'r', 'p', 'f', 'v', 'm', 'pg_catalog')
[cached since 0.13s ago] ('ad_campaigns', 'r', 'p', 'f', 'v', 'm', 'pg_catalog')
2026-02-05 04:33:11,143 INFO sqlalchemy.engine.Engine SELECT pg_catalog.pg_type.typname 
FROM pg_catalog.pg_type JOIN pg_catalog.pg_namespace ON pg_catalog.pg_namespace.oid = pg_catalog.pg_type.typnamespace 
WHERE pg_catalog.pg_type.typname = $1::VARCHAR AND pg_catalog.pg_type_is_visible(pg_catalog.pg_type.oid) AND pg_catalog.pg_namespace.nspname != $2::VARCHAR
SELECT pg_catalog.pg_type.typname 
FROM pg_catalog.pg_type JOIN pg_catalog.pg_namespace ON pg_catalog.pg_namespace.oid = pg_catalog.pg_type.typnamespace 
WHERE pg_catalog.pg_type.typname = $1::VARCHAR AND pg_catalog.pg_type_is_visible(pg_catalog.pg_type.oid) AND pg_catalog.pg_namespace.nspname != $2::VARCHAR
2026-02-05 04:33:11,147 INFO sqlalchemy.engine.Engine [generated in 0.00406s] ('userrole', 'pg_catalog')
[generated in 0.00406s] ('userrole', 'pg_catalog')
2026-02-05 04:33:11,164 INFO sqlalchemy.engine.Engine SELECT pg_catalog.pg_type.typname 
FROM pg_catalog.pg_type JOIN pg_catalog.pg_namespace ON pg_catalog.pg_namespace.oid = pg_catalog.pg_type.typnamespace 
WHERE pg_catalog.pg_type.typname = $1::VARCHAR AND pg_catalog.pg_type_is_visible(pg_catalog.pg_type.oid) AND pg_catalog.pg_namespace.nspname != $2::VARCHAR
SELECT pg_catalog.pg_type.typname 
FROM pg_catalog.pg_type JOIN pg_catalog.pg_namespace ON pg_catalog.pg_namespace.oid = pg_catalog.pg_type.typnamespace 
WHERE pg_catalog.pg_type.typname = $1::VARCHAR AND pg_catalog.pg_type_is_visible(pg_catalog.pg_type.oid) AND pg_catalog.pg_namespace.nspname != $2::VARCHAR
2026-02-05 04:33:11,167 INFO sqlalchemy.engine.Engine [cached since 0.02386s ago] ('establishmentcategory', 'pg_catalog')
[cached since 0.02386s ago] ('establishmentcategory', 'pg_catalog')
2026-02-05 04:33:11,171 INFO sqlalchemy.engine.Engine SELECT pg_catalog.pg_type.typname 
FROM pg_catalog.pg_type JOIN pg_catalog.pg_namespace ON pg_catalog.pg_namespace.oid = pg_catalog.pg_type.typnamespace 
WHERE pg_catalog.pg_type.typname = $1::VARCHAR AND pg_catalog.pg_type_is_visible(pg_catalog.pg_type.oid) AND pg_catalog.pg_namespace.nspname != $2::VARCHAR
SELECT pg_catalog.pg_type.typname 
FROM pg_catalog.pg_type JOIN pg_catalog.pg_namespace ON pg_catalog.pg_namespace.oid = pg_catalog.pg_type.typnamespace 
WHERE pg_catalog.pg_type.typname = $1::VARCHAR AND pg_catalog.pg_type_is_visible(pg_catalog.pg_type.oid) AND pg_catalog.pg_namespace.nspname != $2::VARCHAR
2026-02-05 04:33:11,174 INFO sqlalchemy.engine.Engine [cached since 0.03039s ago] ('establishmentstatus', 'pg_catalog')
[cached since 0.03039s ago] ('establishmentstatus', 'pg_catalog')
2026-02-05 04:33:11,177 INFO sqlalchemy.engine.Engine SELECT pg_catalog.pg_type.typname 
FROM pg_catalog.pg_type JOIN pg_catalog.pg_namespace ON pg_catalog.pg_namespace.oid = pg_catalog.pg_type.typnamespace 
WHERE pg_catalog.pg_type.typname = $1::VARCHAR AND pg_catalog.pg_type_is_visible(pg_catalog.pg_type.oid) AND pg_catalog.pg_namespace.nspname != $2::VARCHAR
SELECT pg_catalog.pg_type.typname 
FROM pg_catalog.pg_type JOIN pg_catalog.pg_namespace ON pg_catalog.pg_namespace.oid = pg_catalog.pg_type.typnamespace 
WHERE pg_catalog.pg_type.typname = $1::VARCHAR AND pg_catalog.pg_type_is_visible(pg_catalog.pg_type.oid) AND pg_catalog.pg_namespace.nspname != $2::VARCHAR
2026-02-05 04:33:11,178 INFO sqlalchemy.engine.Engine [cached since 0.03477s ago] ('subscriptiontier', 'pg_catalog')
[cached since 0.03477s ago] ('subscriptiontier', 'pg_catalog')
2026-02-05 04:33:11,181 INFO sqlalchemy.engine.Engine SELECT pg_catalog.pg_type.typname 
FROM pg_catalog.pg_type JOIN pg_catalog.pg_namespace ON pg_catalog.pg_namespace.oid = pg_catalog.pg_type.typnamespace 
WHERE pg_catalog.pg_type.typname = $1::VARCHAR AND pg_catalog.pg_type_is_visible(pg_catalog.pg_type.oid) AND pg_catalog.pg_namespace.nspname != $2::VARCHAR
SELECT pg_catalog.pg_type.typname 
FROM pg_catalog.pg_type JOIN pg_catalog.pg_namespace ON pg_catalog.pg_namespace.oid = pg_catalog.pg_type.typnamespace 
WHERE pg_catalog.pg_type.typname = $1::VARCHAR AND pg_catalog.pg_type_is_visible(pg_catalog.pg_type.oid) AND pg_catalog.pg_namespace.nspname != $2::VARCHAR
2026-02-05 04:33:11,182 INFO sqlalchemy.engine.Engine [cached since 0.03878s ago] ('subscriptionstatus', 'pg_catalog')
[cached since 0.03878s ago] ('subscriptionstatus', 'pg_catalog')
2026-02-05 04:33:11,186 INFO sqlalchemy.engine.Engine SELECT pg_catalog.pg_type.typname 
FROM pg_catalog.pg_type JOIN pg_catalog.pg_namespace ON pg_catalog.pg_namespace.oid = pg_catalog.pg_type.typnamespace 
WHERE pg_catalog.pg_type.typname = $1::VARCHAR AND pg_catalog.pg_type_is_visible(pg_catalog.pg_type.oid) AND pg_catalog.pg_namespace.nspname != $2::VARCHAR
SELECT pg_catalog.pg_type.typname 
FROM pg_catalog.pg_type JOIN pg_catalog.pg_namespace ON pg_catalog.pg_namespace.oid = pg_catalog.pg_type.typnamespace 
WHERE pg_catalog.pg_type.typname = $1::VARCHAR AND pg_catalog.pg_type_is_visible(pg_catalog.pg_type.oid) AND pg_catalog.pg_namespace.nspname != $2::VARCHAR
2026-02-05 04:33:11,187 INFO sqlalchemy.engine.Engine [cached since 0.0432s ago] ('appointmentstatus', 'pg_catalog')
[cached since 0.0432s ago] ('appointmentstatus', 'pg_catalog')
2026-02-05 04:33:11,190 INFO sqlalchemy.engine.Engine SELECT pg_catalog.pg_type.typname 
FROM pg_catalog.pg_type JOIN pg_catalog.pg_namespace ON pg_catalog.pg_namespace.oid = pg_catalog.pg_type.typnamespace 
WHERE pg_catalog.pg_type.typname = $1::VARCHAR AND pg_catalog.pg_type_is_visible(pg_catalog.pg_type.oid) AND pg_catalog.pg_namespace.nspname != $2::VARCHAR
SELECT pg_catalog.pg_type.typname 
FROM pg_catalog.pg_type JOIN pg_catalog.pg_namespace ON pg_catalog.pg_namespace.oid = pg_catalog.pg_type.typnamespace 
WHERE pg_catalog.pg_type.typname = $1::VARCHAR AND pg_catalog.pg_type_is_visible(pg_catalog.pg_type.oid) AND pg_catalog.pg_namespace.nspname != $2::VARCHAR
2026-02-05 04:33:11,191 INFO sqlalchemy.engine.Engine [cached since 0.04743s ago] ('paymenttype', 'pg_catalog')
[cached since 0.04743s ago] ('paymenttype', 'pg_catalog')
2026-02-05 04:33:11,194 INFO sqlalchemy.engine.Engine SELECT pg_catalog.pg_type.typname 
FROM pg_catalog.pg_type JOIN pg_catalog.pg_namespace ON pg_catalog.pg_namespace.oid = pg_catalog.pg_type.typnamespace 
WHERE pg_catalog.pg_type.typname = $1::VARCHAR AND pg_catalog.pg_type_is_visible(pg_catalog.pg_type.oid) AND pg_catalog.pg_namespace.nspname != $2::VARCHAR
SELECT pg_catalog.pg_type.typname 
FROM pg_catalog.pg_type JOIN pg_catalog.pg_namespace ON pg_catalog.pg_namespace.oid = pg_catalog.pg_type.typnamespace 
WHERE pg_catalog.pg_type.typname = $1::VARCHAR AND pg_catalog.pg_type_is_visible(pg_catalog.pg_type.oid) AND pg_catalog.pg_namespace.nspname != $2::VARCHAR
2026-02-05 04:33:11,195 INFO sqlalchemy.engine.Engine [cached since 0.05141s ago] ('queuestatus', 'pg_catalog')
[cached since 0.05141s ago] ('queuestatus', 'pg_catalog')
2026-02-05 04:33:11,198 INFO sqlalchemy.engine.Engine SELECT pg_catalog.pg_type.typname 
FROM pg_catalog.pg_type JOIN pg_catalog.pg_namespace ON pg_catalog.pg_namespace.oid = pg_catalog.pg_type.typnamespace 
WHERE pg_catalog.pg_type.typname = $1::VARCHAR AND pg_catalog.pg_type_is_visible(pg_catalog.pg_type.oid) AND pg_catalog.pg_namespace.nspname != $2::VARCHAR
SELECT pg_catalog.pg_type.typname 
FROM pg_catalog.pg_type JOIN pg_catalog.pg_namespace ON pg_catalog.pg_namespace.oid = pg_catalog.pg_type.typnamespace 
WHERE pg_catalog.pg_type.typname = $1::VARCHAR AND pg_catalog.pg_type_is_visible(pg_catalog.pg_type.oid) AND pg_catalog.pg_namespace.nspname != $2::VARCHAR
2026-02-05 04:33:11,198 INFO sqlalchemy.engine.Engine [cached since 0.05501s ago] ('paymentpurpose', 'pg_catalog')
[cached since 0.05501s ago] ('paymentpurpose', 'pg_catalog')
2026-02-05 04:33:11,201 INFO sqlalchemy.engine.Engine SELECT pg_catalog.pg_type.typname 
FROM pg_catalog.pg_type JOIN pg_catalog.pg_namespace ON pg_catalog.pg_namespace.oid = pg_catalog.pg_type.typnamespace 
WHERE pg_catalog.pg_type.typname = $1::VARCHAR AND pg_catalog.pg_type_is_visible(pg_catalog.pg_type.oid) AND pg_catalog.pg_namespace.nspname != $2::VARCHAR
SELECT pg_catalog.pg_type.typname 
FROM pg_catalog.pg_type JOIN pg_catalog.pg_namespace ON pg_catalog.pg_namespace.oid = pg_catalog.pg_type.typnamespace 
WHERE pg_catalog.pg_type.typname = $1::VARCHAR AND pg_catalog.pg_type_is_visible(pg_catalog.pg_type.oid) AND pg_catalog.pg_namespace.nspname != $2::VARCHAR
2026-02-05 04:33:11,202 INFO sqlalchemy.engine.Engine [cached since 0.05904s ago] ('paymentstatus', 'pg_catalog')
[cached since 0.05904s ago] ('paymentstatus', 'pg_catalog')
2026-02-05 04:33:11,205 INFO sqlalchemy.engine.Engine COMMIT
COMMIT
[2m2026-02-05T03:33:11.206689Z[0m [[32m[1minfo     [0m] [1mDatabase initialized          [0m [[0m[1m[34mapp.main[0m][0m [36mapp[0m=[35m'Navaro API'[0m [36menvironment[0m=[35mdevelopment[0m [36mmode[0m=[35mdebug[0m [36mversion[0m=[35m1.0.0[0m
Using selector: EpollSelector
[2m2026-02-05T03:33:11.214625Z[0m [[32m[1minfo     [0m] [1mVerification code sent        [0m [[0m[1m[34mapp.api.v1.auth[0m][0m [36mapp[0m=[35m'Navaro API'[0m [36menvironment[0m=[35mdevelopment[0m [36mmethod[0m=[35mPOST[0m [36mmode[0m=[35mdebug[0m [36mpath[0m=[35m/api/v1/auth/send-code[0m [36mphone[0m=[35m+5511999999999[0m [36mrequest_id[0m=[35m88bed7d5-c475-413a-8724-499b435adfc8[0m [36mversion[0m=[35m1.0.0[0m
[2m2026-02-05T03:33:11.216217Z[0m [[32m[1minfo     [0m] [1mRequest completed             [0m [[0m[1m[34mapp.core.middleware[0m][0m [36mapp[0m=[35m'Navaro API'[0m [36mduration_ms[0m=[35m5.69[0m [36menvironment[0m=[35mdevelopment[0m [36mmethod[0m=[35mPOST[0m [36mmode[0m=[35mdebug[0m [36mpath[0m=[35m/api/v1/auth/send-code[0m [36mrequest_id[0m=[35m88bed7d5-c475-413a-8724-499b435adfc8[0m [36mstatus_code[0m=[35m200[0m [36mversion[0m=[35m1.0.0[0m
Exception terminating connection <AdaptedConnection <asyncpg.connection.Connection object at 0x7398b8d009b0>>
Traceback (most recent call last):
  File "/root/projetos/navaro/packages/api/venv/lib/python3.12/site-packages/sqlalchemy/pool/base.py", line 372, in _close_connection
    self._dialect.do_terminate(connection)
  File "/root/projetos/navaro/packages/api/venv/lib/python3.12/site-packages/sqlalchemy/dialects/postgresql/asyncpg.py", line 1127, in do_terminate
    dbapi_connection.terminate()
  File "/root/projetos/navaro/packages/api/venv/lib/python3.12/site-packages/sqlalchemy/connectors/asyncio.py", line 402, in terminate
    self.await_(asyncio.shield(self._terminate_graceful_close()))  # type: ignore[attr-defined] # noqa: E501
    ^^^^^^^^^^^^^^^^^^^^^^^^^^^^^^^^^^^^^^^^^^^^^^^^^^^^^^^^^^^^^
  File "/root/projetos/navaro/packages/api/venv/lib/python3.12/site-packages/sqlalchemy/util/_concurrency_py3k.py", line 132, in await_only
    return current.parent.switch(awaitable)  # type: ignore[no-any-return,attr-defined] # noqa: E501
           ^^^^^^^^^^^^^^^^^^^^^^^^^^^^^^^^
  File "/root/projetos/navaro/packages/api/venv/lib/python3.12/site-packages/sqlalchemy/util/_concurrency_py3k.py", line 196, in greenlet_spawn
    value = await result
            ^^^^^^^^^^^^
  File "/root/projetos/navaro/packages/api/venv/lib/python3.12/site-packages/sqlalchemy/dialects/postgresql/asyncpg.py", line 912, in _terminate_graceful_close
    await self._connection.close(timeout=2)
  File "/root/projetos/navaro/packages/api/venv/lib/python3.12/site-packages/asyncpg/connection.py", line 1513, in close
    await self._protocol.close(timeout)
  File "asyncpg/protocol/protocol.pyx", line 618, in close
RuntimeError: Task <Task pending name='Task-36' coro=<AsyncAdapt_asyncpg_connection._terminate_graceful_close() running at /root/projetos/navaro/packages/api/venv/lib/python3.12/site-packages/sqlalchemy/dialects/postgresql/asyncpg.py:912> cb=[shield.<locals>._inner_done_callback() at /usr/lib/python3.12/asyncio/tasks.py:905]> got Future <Future pending> attached to a different loop
[2m2026-02-05T03:33:11.229925Z[0m [[31m[1merror    [0m] [1mUnhandled exception           [0m [[0m[1m[34mapp.core.middleware[0m][0m [36mapp[0m=[35m'Navaro API'[0m [36menvironment[0m=[35mdevelopment[0m [36merror[0m=[35m"Task <Task pending name='starlette.middleware.base.BaseHTTPMiddleware.__call__.<locals>.call_next.<locals>.coro' coro=<BaseHTTPMiddleware.__call__.<locals>.call_next.<locals>.coro() running at /root/projetos/navaro/packages/api/venv/lib/python3.12/site-packages/starlette/middleware/base.py:144> cb=[TaskGroup._spawn.<locals>.task_done() at /root/projetos/navaro/packages/api/venv/lib/python3.12/site-packages/anyio/_backends/_asyncio.py:805]> got Future <Future pending cb=[BaseProtocol._on_waiter_completed()]> attached to a different loop"[0m [36mmethod[0m=[35mPOST[0m [36mmode[0m=[35mdebug[0m [36mpath[0m=[35m/api/v1/auth/verify[0m [36mrequest_id[0m=[35m86035b8c-ecf3-4a32-bf14-62e9004f2cc9[0m [36mversion[0m=[35m1.0.0[0m
  + Exception Group Traceback (most recent call last):
  |   File "/root/projetos/navaro/packages/api/venv/lib/python3.12/site-packages/starlette/_utils.py", line 79, in collapse_excgroups
  |     yield
  |   File "/root/projetos/navaro/packages/api/venv/lib/python3.12/site-packages/starlette/middleware/base.py", line 192, in __call__
  |     async with anyio.create_task_group() as task_group:
  |   File "/root/projetos/navaro/packages/api/venv/lib/python3.12/site-packages/anyio/_backends/_asyncio.py", line 783, in __aexit__
  |     raise BaseExceptionGroup(
  | ExceptionGroup: unhandled errors in a TaskGroup (1 sub-exception)
  +-+---------------- 1 ----------------
    | Traceback (most recent call last):
    |   File "/root/projetos/navaro/packages/api/app/core/middleware.py", line 78, in dispatch
    |     return await call_next(request)
    |            ^^^^^^^^^^^^^^^^^^^^^^^^
    |   File "/root/projetos/navaro/packages/api/venv/lib/python3.12/site-packages/starlette/middleware/base.py", line 168, in call_next
    |     raise app_exc from app_exc.__cause__ or app_exc.__context__
    |   File "/root/projetos/navaro/packages/api/venv/lib/python3.12/site-packages/starlette/middleware/base.py", line 144, in coro
    |     await self.app(scope, receive_or_disconnect, send_no_error)
    |   File "/root/projetos/navaro/packages/api/venv/lib/python3.12/site-packages/starlette/middleware/base.py", line 191, in __call__
    |     with recv_stream, send_stream, collapse_excgroups():
    |   File "/usr/lib/python3.12/contextlib.py", line 158, in __exit__
    |     self.gen.throw(value)
    |   File "/root/projetos/navaro/packages/api/venv/lib/python3.12/site-packages/starlette/_utils.py", line 85, in collapse_excgroups
    |     raise exc
    |   File "/root/projetos/navaro/packages/api/venv/lib/python3.12/site-packages/starlette/middleware/base.py", line 193, in __call__
    |     response = await self.dispatch_func(request, call_next)
    |                ^^^^^^^^^^^^^^^^^^^^^^^^^^^^^^^^^^^^^^^^^^^^
    |   File "/root/projetos/navaro/packages/api/app/core/middleware.py", line 164, in dispatch
    |     return await call_next(request)
    |            ^^^^^^^^^^^^^^^^^^^^^^^^
    |   File "/root/projetos/navaro/packages/api/venv/lib/python3.12/site-packages/starlette/middleware/base.py", line 168, in call_next
    |     raise app_exc from app_exc.__cause__ or app_exc.__context__
    |   File "/root/projetos/navaro/packages/api/venv/lib/python3.12/site-packages/starlette/middleware/base.py", line 144, in coro
    |     await self.app(scope, receive_or_disconnect, send_no_error)
    |   File "/root/projetos/navaro/packages/api/venv/lib/python3.12/site-packages/starlette/middleware/cors.py", line 85, in __call__
    |     await self.app(scope, receive, send)
    |   File "/root/projetos/navaro/packages/api/venv/lib/python3.12/site-packages/starlette/middleware/exceptions.py", line 63, in __call__
    |     await wrap_app_handling_exceptions(self.app, conn)(scope, receive, send)
    |   File "/root/projetos/navaro/packages/api/venv/lib/python3.12/site-packages/starlette/_exception_handler.py", line 53, in wrapped_app
    |     raise exc
    |   File "/root/projetos/navaro/packages/api/venv/lib/python3.12/site-packages/starlette/_exception_handler.py", line 42, in wrapped_app
    |     await app(scope, receive, sender)
    |   File "/root/projetos/navaro/packages/api/venv/lib/python3.12/site-packages/fastapi/middleware/asyncexitstack.py", line 18, in __call__
    |     await self.app(scope, receive, send)
    |   File "/root/projetos/navaro/packages/api/venv/lib/python3.12/site-packages/starlette/routing.py", line 716, in __call__
    |     await self.middleware_stack(scope, receive, send)
    |   File "/root/projetos/navaro/packages/api/venv/lib/python3.12/site-packages/starlette/routing.py", line 736, in app
    |     await route.handle(scope, receive, send)
    |   File "/root/projetos/navaro/packages/api/venv/lib/python3.12/site-packages/starlette/routing.py", line 290, in handle
    |     await self.app(scope, receive, send)
    |   File "/root/projetos/navaro/packages/api/venv/lib/python3.12/site-packages/fastapi/routing.py", line 115, in app
    |     await wrap_app_handling_exceptions(app, request)(scope, receive, send)
    |   File "/root/projetos/navaro/packages/api/venv/lib/python3.12/site-packages/starlette/_exception_handler.py", line 53, in wrapped_app
    |     raise exc
    |   File "/root/projetos/navaro/packages/api/venv/lib/python3.12/site-packages/starlette/_exception_handler.py", line 42, in wrapped_app
    |     await app(scope, receive, sender)
    |   File "/root/projetos/navaro/packages/api/venv/lib/python3.12/site-packages/fastapi/routing.py", line 101, in app
    |     response = await f(request)
    |                ^^^^^^^^^^^^^^^^
    |   File "/root/projetos/navaro/packages/api/venv/lib/python3.12/site-packages/fastapi/routing.py", line 355, in app
    |     raw_response = await run_endpoint_function(
    |                    ^^^^^^^^^^^^^^^^^^^^^^^^^^^^
    |   File "/root/projetos/navaro/packages/api/venv/lib/python3.12/site-packages/fastapi/routing.py", line 243, in run_endpoint_function
    |     return await dependant.call(**values)
    |            ^^^^^^^^^^^^^^^^^^^^^^^^^^^^^^
    |   File "/root/projetos/navaro/packages/api/app/api/v1/auth.py", line 134, in verify_code
    |     result = await db.execute(
    |              ^^^^^^^^^^^^^^^^^
    |   File "/root/projetos/navaro/packages/api/venv/lib/python3.12/site-packages/sqlalchemy/ext/asyncio/session.py", line 449, in execute
    |     result = await greenlet_spawn(
    |              ^^^^^^^^^^^^^^^^^^^^^
    |   File "/root/projetos/navaro/packages/api/venv/lib/python3.12/site-packages/sqlalchemy/util/_concurrency_py3k.py", line 201, in greenlet_spawn
    |     result = context.throw(*sys.exc_info())
    |              ^^^^^^^^^^^^^^^^^^^^^^^^^^^^^^
    |   File "/root/projetos/navaro/packages/api/venv/lib/python3.12/site-packages/sqlalchemy/orm/session.py", line 2351, in execute
    |     return self._execute_internal(
    |            ^^^^^^^^^^^^^^^^^^^^^^^
    |   File "/root/projetos/navaro/packages/api/venv/lib/python3.12/site-packages/sqlalchemy/orm/session.py", line 2239, in _execute_internal
    |     conn = self._connection_for_bind(bind)
    |            ^^^^^^^^^^^^^^^^^^^^^^^^^^^^^^^
    |   File "/root/projetos/navaro/packages/api/venv/lib/python3.12/site-packages/sqlalchemy/orm/session.py", line 2108, in _connection_for_bind
    |     return trans._connection_for_bind(engine, execution_options)
    |            ^^^^^^^^^^^^^^^^^^^^^^^^^^^^^^^^^^^^^^^^^^^^^^^^^^^^^
    |   File "<string>", line 2, in _connection_for_bind
    |   File "/root/projetos/navaro/packages/api/venv/lib/python3.12/site-packages/sqlalchemy/orm/state_changes.py", line 137, in _go
    |     ret_value = fn(self, *arg, **kw)
    |                 ^^^^^^^^^^^^^^^^^^^^
    |   File "/root/projetos/navaro/packages/api/venv/lib/python3.12/site-packages/sqlalchemy/orm/session.py", line 1187, in _connection_for_bind
    |     conn = bind.connect()
    |            ^^^^^^^^^^^^^^
    |   File "/root/projetos/navaro/packages/api/venv/lib/python3.12/site-packages/sqlalchemy/engine/base.py", line 3285, in connect
    |     return self._connection_cls(self)
    |            ^^^^^^^^^^^^^^^^^^^^^^^^^^
    |   File "/root/projetos/navaro/packages/api/venv/lib/python3.12/site-packages/sqlalchemy/engine/base.py", line 143, in __init__
    |     self._dbapi_connection = engine.raw_connection()
    |                              ^^^^^^^^^^^^^^^^^^^^^^^
    |   File "/root/projetos/navaro/packages/api/venv/lib/python3.12/site-packages/sqlalchemy/engine/base.py", line 3309, in raw_connection
    |     return self.pool.connect()
    |            ^^^^^^^^^^^^^^^^^^^
    |   File "/root/projetos/navaro/packages/api/venv/lib/python3.12/site-packages/sqlalchemy/pool/base.py", line 447, in connect
    |     return _ConnectionFairy._checkout(self)
    |            ^^^^^^^^^^^^^^^^^^^^^^^^^^^^^^^^
    |   File "/root/projetos/navaro/packages/api/venv/lib/python3.12/site-packages/sqlalchemy/pool/base.py", line 1363, in _checkout
    |     with util.safe_reraise():
    |   File "/root/projetos/navaro/packages/api/venv/lib/python3.12/site-packages/sqlalchemy/util/langhelpers.py", line 224, in __exit__
    |     raise exc_value.with_traceback(exc_tb)
    |   File "/root/projetos/navaro/packages/api/venv/lib/python3.12/site-packages/sqlalchemy/pool/base.py", line 1301, in _checkout
    |     result = pool._dialect._do_ping_w_event(
    |              ^^^^^^^^^^^^^^^^^^^^^^^^^^^^^^^
    |   File "/root/projetos/navaro/packages/api/venv/lib/python3.12/site-packages/sqlalchemy/engine/default.py", line 729, in _do_ping_w_event
    |     return self.do_ping(dbapi_connection)
    |            ^^^^^^^^^^^^^^^^^^^^^^^^^^^^^^
    |   File "/root/projetos/navaro/packages/api/venv/lib/python3.12/site-packages/sqlalchemy/dialects/postgresql/asyncpg.py", line 1160, in do_ping
    |     dbapi_connection.ping()
    |   File "/root/projetos/navaro/packages/api/venv/lib/python3.12/site-packages/sqlalchemy/dialects/postgresql/asyncpg.py", line 818, in ping
    |     self._handle_exception(error)
    |   File "/root/projetos/navaro/packages/api/venv/lib/python3.12/site-packages/sqlalchemy/dialects/postgresql/asyncpg.py", line 799, in _handle_exception
    |     raise error
    |   File "/root/projetos/navaro/packages/api/venv/lib/python3.12/site-packages/sqlalchemy/dialects/postgresql/asyncpg.py", line 816, in ping
    |     _ = self.await_(self._async_ping())
    |         ^^^^^^^^^^^^^^^^^^^^^^^^^^^^^^^
    |   File "/root/projetos/navaro/packages/api/venv/lib/python3.12/site-packages/sqlalchemy/util/_concurrency_py3k.py", line 132, in await_only
    |     return current.parent.switch(awaitable)  # type: ignore[no-any-return,attr-defined] # noqa: E501
    |            ^^^^^^^^^^^^^^^^^^^^^^^^^^^^^^^^
    |   File "/root/projetos/navaro/packages/api/venv/lib/python3.12/site-packages/sqlalchemy/util/_concurrency_py3k.py", line 196, in greenlet_spawn
    |     value = await result
    |             ^^^^^^^^^^^^
    |   File "/root/projetos/navaro/packages/api/venv/lib/python3.12/site-packages/sqlalchemy/dialects/postgresql/asyncpg.py", line 825, in _async_ping
    |     await tr.start()
    |   File "/root/projetos/navaro/packages/api/venv/lib/python3.12/site-packages/asyncpg/transaction.py", line 146, in start
    |     await self._connection.execute(query)
    |   File "/root/projetos/navaro/packages/api/venv/lib/python3.12/site-packages/asyncpg/connection.py", line 354, in execute
    |     result = await self._protocol.query(query, timeout)
    |              ^^^^^^^^^^^^^^^^^^^^^^^^^^^^^^^^^^^^^^^^^^
    |   File "asyncpg/protocol/protocol.pyx", line 369, in query
    | RuntimeError: Task <Task pending name='starlette.middleware.base.BaseHTTPMiddleware.__call__.<locals>.call_next.<locals>.coro' coro=<BaseHTTPMiddleware.__call__.<locals>.call_next.<locals>.coro() running at /root/projetos/navaro/packages/api/venv/lib/python3.12/site-packages/starlette/middleware/base.py:144> cb=[TaskGroup._spawn.<locals>.task_done() at /root/projetos/navaro/packages/api/venv/lib/python3.12/site-packages/anyio/_backends/_asyncio.py:805]> got Future <Future pending cb=[BaseProtocol._on_waiter_completed()]> attached to a different loop
    +------------------------------------

The above exception was the direct cause of the following exception:

Traceback (most recent call last):
  File "/root/projetos/navaro/packages/api/app/core/middleware.py", line 78, in dispatch
    return await call_next(request)
           ^^^^^^^^^^^^^^^^^^^^^^^^
  File "/root/projetos/navaro/packages/api/venv/lib/python3.12/site-packages/starlette/middleware/base.py", line 168, in call_next
    raise app_exc from app_exc.__cause__ or app_exc.__context__
  File "/root/projetos/navaro/packages/api/venv/lib/python3.12/site-packages/starlette/middleware/base.py", line 144, in coro
    await self.app(scope, receive_or_disconnect, send_no_error)
  File "/root/projetos/navaro/packages/api/venv/lib/python3.12/site-packages/starlette/middleware/base.py", line 191, in __call__
    with recv_stream, send_stream, collapse_excgroups():
  File "/usr/lib/python3.12/contextlib.py", line 158, in __exit__
    self.gen.throw(value)
  File "/root/projetos/navaro/packages/api/venv/lib/python3.12/site-packages/starlette/_utils.py", line 85, in collapse_excgroups
    raise exc
  File "/root/projetos/navaro/packages/api/venv/lib/python3.12/site-packages/starlette/middleware/base.py", line 193, in __call__
    response = await self.dispatch_func(request, call_next)
               ^^^^^^^^^^^^^^^^^^^^^^^^^^^^^^^^^^^^^^^^^^^^
  File "/root/projetos/navaro/packages/api/app/core/middleware.py", line 164, in dispatch
    return await call_next(request)
           ^^^^^^^^^^^^^^^^^^^^^^^^
  File "/root/projetos/navaro/packages/api/venv/lib/python3.12/site-packages/starlette/middleware/base.py", line 168, in call_next
    raise app_exc from app_exc.__cause__ or app_exc.__context__
  File "/root/projetos/navaro/packages/api/venv/lib/python3.12/site-packages/starlette/middleware/base.py", line 144, in coro
    await self.app(scope, receive_or_disconnect, send_no_error)
  File "/root/projetos/navaro/packages/api/venv/lib/python3.12/site-packages/starlette/middleware/cors.py", line 85, in __call__
    await self.app(scope, receive, send)
  File "/root/projetos/navaro/packages/api/venv/lib/python3.12/site-packages/starlette/middleware/exceptions.py", line 63, in __call__
    await wrap_app_handling_exceptions(self.app, conn)(scope, receive, send)
  File "/root/projetos/navaro/packages/api/venv/lib/python3.12/site-packages/starlette/_exception_handler.py", line 53, in wrapped_app
    raise exc
  File "/root/projetos/navaro/packages/api/venv/lib/python3.12/site-packages/starlette/_exception_handler.py", line 42, in wrapped_app
    await app(scope, receive, sender)
  File "/root/projetos/navaro/packages/api/venv/lib/python3.12/site-packages/fastapi/middleware/asyncexitstack.py", line 18, in __call__
    await self.app(scope, receive, send)
  File "/root/projetos/navaro/packages/api/venv/lib/python3.12/site-packages/starlette/routing.py", line 716, in __call__
    await self.middleware_stack(scope, receive, send)
  File "/root/projetos/navaro/packages/api/venv/lib/python3.12/site-packages/starlette/routing.py", line 736, in app
    await route.handle(scope, receive, send)
  File "/root/projetos/navaro/packages/api/venv/lib/python3.12/site-packages/starlette/routing.py", line 290, in handle
    await self.app(scope, receive, send)
  File "/root/projetos/navaro/packages/api/venv/lib/python3.12/site-packages/fastapi/routing.py", line 115, in app
    await wrap_app_handling_exceptions(app, request)(scope, receive, send)
  File "/root/projetos/navaro/packages/api/venv/lib/python3.12/site-packages/starlette/_exception_handler.py", line 53, in wrapped_app
    raise exc
  File "/root/projetos/navaro/packages/api/venv/lib/python3.12/site-packages/starlette/_exception_handler.py", line 42, in wrapped_app
    await app(scope, receive, sender)
  File "/root/projetos/navaro/packages/api/venv/lib/python3.12/site-packages/fastapi/routing.py", line 101, in app
    response = await f(request)
               ^^^^^^^^^^^^^^^^
  File "/root/projetos/navaro/packages/api/venv/lib/python3.12/site-packages/fastapi/routing.py", line 355, in app
    raw_response = await run_endpoint_function(
                   ^^^^^^^^^^^^^^^^^^^^^^^^^^^^
  File "/root/projetos/navaro/packages/api/venv/lib/python3.12/site-packages/fastapi/routing.py", line 243, in run_endpoint_function
    return await dependant.call(**values)
           ^^^^^^^^^^^^^^^^^^^^^^^^^^^^^^
  File "/root/projetos/navaro/packages/api/app/api/v1/auth.py", line 134, in verify_code
    result = await db.execute(
             ^^^^^^^^^^^^^^^^^
  File "/root/projetos/navaro/packages/api/venv/lib/python3.12/site-packages/sqlalchemy/ext/asyncio/session.py", line 449, in execute
    result = await greenlet_spawn(
             ^^^^^^^^^^^^^^^^^^^^^
  File "/root/projetos/navaro/packages/api/venv/lib/python3.12/site-packages/sqlalchemy/util/_concurrency_py3k.py", line 201, in greenlet_spawn
    result = context.throw(*sys.exc_info())
             ^^^^^^^^^^^^^^^^^^^^^^^^^^^^^^
  File "/root/projetos/navaro/packages/api/venv/lib/python3.12/site-packages/sqlalchemy/orm/session.py", line 2351, in execute
    return self._execute_internal(
           ^^^^^^^^^^^^^^^^^^^^^^^
  File "/root/projetos/navaro/packages/api/venv/lib/python3.12/site-packages/sqlalchemy/orm/session.py", line 2239, in _execute_internal
    conn = self._connection_for_bind(bind)
           ^^^^^^^^^^^^^^^^^^^^^^^^^^^^^^^
  File "/root/projetos/navaro/packages/api/venv/lib/python3.12/site-packages/sqlalchemy/orm/session.py", line 2108, in _connection_for_bind
    return trans._connection_for_bind(engine, execution_options)
           ^^^^^^^^^^^^^^^^^^^^^^^^^^^^^^^^^^^^^^^^^^^^^^^^^^^^^
  File "<string>", line 2, in _connection_for_bind
  File "/root/projetos/navaro/packages/api/venv/lib/python3.12/site-packages/sqlalchemy/orm/state_changes.py", line 137, in _go
    ret_value = fn(self, *arg, **kw)
                ^^^^^^^^^^^^^^^^^^^^
  File "/root/projetos/navaro/packages/api/venv/lib/python3.12/site-packages/sqlalchemy/orm/session.py", line 1187, in _connection_for_bind
    conn = bind.connect()
           ^^^^^^^^^^^^^^
  File "/root/projetos/navaro/packages/api/venv/lib/python3.12/site-packages/sqlalchemy/engine/base.py", line 3285, in connect
    return self._connection_cls(self)
           ^^^^^^^^^^^^^^^^^^^^^^^^^^
  File "/root/projetos/navaro/packages/api/venv/lib/python3.12/site-packages/sqlalchemy/engine/base.py", line 143, in __init__
    self._dbapi_connection = engine.raw_connection()
                             ^^^^^^^^^^^^^^^^^^^^^^^
  File "/root/projetos/navaro/packages/api/venv/lib/python3.12/site-packages/sqlalchemy/engine/base.py", line 3309, in raw_connection
    return self.pool.connect()
           ^^^^^^^^^^^^^^^^^^^
  File "/root/projetos/navaro/packages/api/venv/lib/python3.12/site-packages/sqlalchemy/pool/base.py", line 447, in connect
    return _ConnectionFairy._checkout(self)
           ^^^^^^^^^^^^^^^^^^^^^^^^^^^^^^^^
  File "/root/projetos/navaro/packages/api/venv/lib/python3.12/site-packages/sqlalchemy/pool/base.py", line 1363, in _checkout
    with util.safe_reraise():
  File "/root/projetos/navaro/packages/api/venv/lib/python3.12/site-packages/sqlalchemy/util/langhelpers.py", line 224, in __exit__
    raise exc_value.with_traceback(exc_tb)
  File "/root/projetos/navaro/packages/api/venv/lib/python3.12/site-packages/sqlalchemy/pool/base.py", line 1301, in _checkout
    result = pool._dialect._do_ping_w_event(
             ^^^^^^^^^^^^^^^^^^^^^^^^^^^^^^^
  File "/root/projetos/navaro/packages/api/venv/lib/python3.12/site-packages/sqlalchemy/engine/default.py", line 729, in _do_ping_w_event
    return self.do_ping(dbapi_connection)
           ^^^^^^^^^^^^^^^^^^^^^^^^^^^^^^
  File "/root/projetos/navaro/packages/api/venv/lib/python3.12/site-packages/sqlalchemy/dialects/postgresql/asyncpg.py", line 1160, in do_ping
    dbapi_connection.ping()
  File "/root/projetos/navaro/packages/api/venv/lib/python3.12/site-packages/sqlalchemy/dialects/postgresql/asyncpg.py", line 818, in ping
    self._handle_exception(error)
  File "/root/projetos/navaro/packages/api/venv/lib/python3.12/site-packages/sqlalchemy/dialects/postgresql/asyncpg.py", line 799, in _handle_exception
    raise error
  File "/root/projetos/navaro/packages/api/venv/lib/python3.12/site-packages/sqlalchemy/dialects/postgresql/asyncpg.py", line 816, in ping
    _ = self.await_(self._async_ping())
        ^^^^^^^^^^^^^^^^^^^^^^^^^^^^^^^
  File "/root/projetos/navaro/packages/api/venv/lib/python3.12/site-packages/sqlalchemy/util/_concurrency_py3k.py", line 132, in await_only
    return current.parent.switch(awaitable)  # type: ignore[no-any-return,attr-defined] # noqa: E501
           ^^^^^^^^^^^^^^^^^^^^^^^^^^^^^^^^
  File "/root/projetos/navaro/packages/api/venv/lib/python3.12/site-packages/sqlalchemy/util/_concurrency_py3k.py", line 196, in greenlet_spawn
    value = await result
            ^^^^^^^^^^^^
  File "/root/projetos/navaro/packages/api/venv/lib/python3.12/site-packages/sqlalchemy/dialects/postgresql/asyncpg.py", line 825, in _async_ping
    await tr.start()
  File "/root/projetos/navaro/packages/api/venv/lib/python3.12/site-packages/asyncpg/transaction.py", line 146, in start
    await self._connection.execute(query)
  File "/root/projetos/navaro/packages/api/venv/lib/python3.12/site-packages/asyncpg/connection.py", line 354, in execute
    result = await self._protocol.query(query, timeout)
             ^^^^^^^^^^^^^^^^^^^^^^^^^^^^^^^^^^^^^^^^^^
  File "asyncpg/protocol/protocol.pyx", line 369, in query
RuntimeError: Task <Task pending name='starlette.middleware.base.BaseHTTPMiddleware.__call__.<locals>.call_next.<locals>.coro' coro=<BaseHTTPMiddleware.__call__.<locals>.call_next.<locals>.coro() running at /root/projetos/navaro/packages/api/venv/lib/python3.12/site-packages/starlette/middleware/base.py:144> cb=[TaskGroup._spawn.<locals>.task_done() at /root/projetos/navaro/packages/api/venv/lib/python3.12/site-packages/anyio/_backends/_asyncio.py:805]> got Future <Future pending cb=[BaseProtocol._on_waiter_completed()]> attached to a different loop
  + Exception Group Traceback (most recent call last):
  |   File "/root/projetos/navaro/packages/api/venv/lib/python3.12/site-packages/starlette/_utils.py", line 79, in collapse_excgroups
  |     yield
  |   File "/root/projetos/navaro/packages/api/venv/lib/python3.12/site-packages/starlette/middleware/base.py", line 192, in __call__
  |     async with anyio.create_task_group() as task_group:
  |   File "/root/projetos/navaro/packages/api/venv/lib/python3.12/site-packages/anyio/_backends/_asyncio.py", line 783, in __aexit__
  |     raise BaseExceptionGroup(
  | ExceptionGroup: unhandled errors in a TaskGroup (1 sub-exception)
  +-+---------------- 1 ----------------
    | Traceback (most recent call last):
    |   File "/root/projetos/navaro/packages/api/app/core/middleware.py", line 78, in dispatch
    |     return await call_next(request)
    |            ^^^^^^^^^^^^^^^^^^^^^^^^
    |   File "/root/projetos/navaro/packages/api/venv/lib/python3.12/site-packages/starlette/middleware/base.py", line 168, in call_next
    |     raise app_exc from app_exc.__cause__ or app_exc.__context__
    |   File "/root/projetos/navaro/packages/api/venv/lib/python3.12/site-packages/starlette/middleware/base.py", line 144, in coro
    |     await self.app(scope, receive_or_disconnect, send_no_error)
    |   File "/root/projetos/navaro/packages/api/venv/lib/python3.12/site-packages/starlette/middleware/base.py", line 191, in __call__
    |     with recv_stream, send_stream, collapse_excgroups():
    |   File "/usr/lib/python3.12/contextlib.py", line 158, in __exit__
    |     self.gen.throw(value)
    |   File "/root/projetos/navaro/packages/api/venv/lib/python3.12/site-packages/starlette/_utils.py", line 85, in collapse_excgroups
    |     raise exc
    |   File "/root/projetos/navaro/packages/api/venv/lib/python3.12/site-packages/starlette/middleware/base.py", line 193, in __call__
    |     response = await self.dispatch_func(request, call_next)
    |                ^^^^^^^^^^^^^^^^^^^^^^^^^^^^^^^^^^^^^^^^^^^^
    |   File "/root/projetos/navaro/packages/api/app/core/middleware.py", line 164, in dispatch
    |     return await call_next(request)
    |            ^^^^^^^^^^^^^^^^^^^^^^^^
    |   File "/root/projetos/navaro/packages/api/venv/lib/python3.12/site-packages/starlette/middleware/base.py", line 168, in call_next
    |     raise app_exc from app_exc.__cause__ or app_exc.__context__
    |   File "/root/projetos/navaro/packages/api/venv/lib/python3.12/site-packages/starlette/middleware/base.py", line 144, in coro
    |     await self.app(scope, receive_or_disconnect, send_no_error)
    |   File "/root/projetos/navaro/packages/api/venv/lib/python3.12/site-packages/starlette/middleware/cors.py", line 85, in __call__
    |     await self.app(scope, receive, send)
    |   File "/root/projetos/navaro/packages/api/venv/lib/python3.12/site-packages/starlette/middleware/exceptions.py", line 63, in __call__
    |     await wrap_app_handling_exceptions(self.app, conn)(scope, receive, send)
    |   File "/root/projetos/navaro/packages/api/venv/lib/python3.12/site-packages/starlette/_exception_handler.py", line 53, in wrapped_app
    |     raise exc
    |   File "/root/projetos/navaro/packages/api/venv/lib/python3.12/site-packages/starlette/_exception_handler.py", line 42, in wrapped_app
    |     await app(scope, receive, sender)
    |   File "/root/projetos/navaro/packages/api/venv/lib/python3.12/site-packages/fastapi/middleware/asyncexitstack.py", line 18, in __call__
    |     await self.app(scope, receive, send)
    |   File "/root/projetos/navaro/packages/api/venv/lib/python3.12/site-packages/starlette/routing.py", line 716, in __call__
    |     await self.middleware_stack(scope, receive, send)
    |   File "/root/projetos/navaro/packages/api/venv/lib/python3.12/site-packages/starlette/routing.py", line 736, in app
    |     await route.handle(scope, receive, send)
    |   File "/root/projetos/navaro/packages/api/venv/lib/python3.12/site-packages/starlette/routing.py", line 290, in handle
    |     await self.app(scope, receive, send)
    |   File "/root/projetos/navaro/packages/api/venv/lib/python3.12/site-packages/fastapi/routing.py", line 115, in app
    |     await wrap_app_handling_exceptions(app, request)(scope, receive, send)
    |   File "/root/projetos/navaro/packages/api/venv/lib/python3.12/site-packages/starlette/_exception_handler.py", line 53, in wrapped_app
    |     raise exc
    |   File "/root/projetos/navaro/packages/api/venv/lib/python3.12/site-packages/starlette/_exception_handler.py", line 42, in wrapped_app
    |     await app(scope, receive, sender)
    |   File "/root/projetos/navaro/packages/api/venv/lib/python3.12/site-packages/fastapi/routing.py", line 101, in app
    |     response = await f(request)
    |                ^^^^^^^^^^^^^^^^
    |   File "/root/projetos/navaro/packages/api/venv/lib/python3.12/site-packages/fastapi/routing.py", line 355, in app
    |     raw_response = await run_endpoint_function(
    |                    ^^^^^^^^^^^^^^^^^^^^^^^^^^^^
    |   File "/root/projetos/navaro/packages/api/venv/lib/python3.12/site-packages/fastapi/routing.py", line 243, in run_endpoint_function
    |     return await dependant.call(**values)
    |            ^^^^^^^^^^^^^^^^^^^^^^^^^^^^^^
    |   File "/root/projetos/navaro/packages/api/app/api/v1/auth.py", line 134, in verify_code
    |     result = await db.execute(
    |              ^^^^^^^^^^^^^^^^^
    |   File "/root/projetos/navaro/packages/api/venv/lib/python3.12/site-packages/sqlalchemy/ext/asyncio/session.py", line 449, in execute
    |     result = await greenlet_spawn(
    |              ^^^^^^^^^^^^^^^^^^^^^
    |   File "/root/projetos/navaro/packages/api/venv/lib/python3.12/site-packages/sqlalchemy/util/_concurrency_py3k.py", line 201, in greenlet_spawn
    |     result = context.throw(*sys.exc_info())
    |              ^^^^^^^^^^^^^^^^^^^^^^^^^^^^^^
    |   File "/root/projetos/navaro/packages/api/venv/lib/python3.12/site-packages/sqlalchemy/orm/session.py", line 2351, in execute
    |     return self._execute_internal(
    |            ^^^^^^^^^^^^^^^^^^^^^^^
    |   File "/root/projetos/navaro/packages/api/venv/lib/python3.12/site-packages/sqlalchemy/orm/session.py", line 2239, in _execute_internal
    |     conn = self._connection_for_bind(bind)
    |            ^^^^^^^^^^^^^^^^^^^^^^^^^^^^^^^
    |   File "/root/projetos/navaro/packages/api/venv/lib/python3.12/site-packages/sqlalchemy/orm/session.py", line 2108, in _connection_for_bind
    |     return trans._connection_for_bind(engine, execution_options)
    |            ^^^^^^^^^^^^^^^^^^^^^^^^^^^^^^^^^^^^^^^^^^^^^^^^^^^^^
    |   File "<string>", line 2, in _connection_for_bind
    |   File "/root/projetos/navaro/packages/api/venv/lib/python3.12/site-packages/sqlalchemy/orm/state_changes.py", line 137, in _go
    |     ret_value = fn(self, *arg, **kw)
    |                 ^^^^^^^^^^^^^^^^^^^^
    |   File "/root/projetos/navaro/packages/api/venv/lib/python3.12/site-packages/sqlalchemy/orm/session.py", line 1187, in _connection_for_bind
    |     conn = bind.connect()
    |            ^^^^^^^^^^^^^^
    |   File "/root/projetos/navaro/packages/api/venv/lib/python3.12/site-packages/sqlalchemy/engine/base.py", line 3285, in connect
    |     return self._connection_cls(self)
    |            ^^^^^^^^^^^^^^^^^^^^^^^^^^
    |   File "/root/projetos/navaro/packages/api/venv/lib/python3.12/site-packages/sqlalchemy/engine/base.py", line 143, in __init__
    |     self._dbapi_connection = engine.raw_connection()
    |                              ^^^^^^^^^^^^^^^^^^^^^^^
    |   File "/root/projetos/navaro/packages/api/venv/lib/python3.12/site-packages/sqlalchemy/engine/base.py", line 3309, in raw_connection
    |     return self.pool.connect()
    |            ^^^^^^^^^^^^^^^^^^^
    |   File "/root/projetos/navaro/packages/api/venv/lib/python3.12/site-packages/sqlalchemy/pool/base.py", line 447, in connect
    |     return _ConnectionFairy._checkout(self)
    |            ^^^^^^^^^^^^^^^^^^^^^^^^^^^^^^^^
    |   File "/root/projetos/navaro/packages/api/venv/lib/python3.12/site-packages/sqlalchemy/pool/base.py", line 1363, in _checkout
    |     with util.safe_reraise():
    |   File "/root/projetos/navaro/packages/api/venv/lib/python3.12/site-packages/sqlalchemy/util/langhelpers.py", line 224, in __exit__
    |     raise exc_value.with_traceback(exc_tb)
    |   File "/root/projetos/navaro/packages/api/venv/lib/python3.12/site-packages/sqlalchemy/pool/base.py", line 1301, in _checkout
    |     result = pool._dialect._do_ping_w_event(
    |              ^^^^^^^^^^^^^^^^^^^^^^^^^^^^^^^
    |   File "/root/projetos/navaro/packages/api/venv/lib/python3.12/site-packages/sqlalchemy/engine/default.py", line 729, in _do_ping_w_event
    |     return self.do_ping(dbapi_connection)
    |            ^^^^^^^^^^^^^^^^^^^^^^^^^^^^^^
    |   File "/root/projetos/navaro/packages/api/venv/lib/python3.12/site-packages/sqlalchemy/dialects/postgresql/asyncpg.py", line 1160, in do_ping
    |     dbapi_connection.ping()
    |   File "/root/projetos/navaro/packages/api/venv/lib/python3.12/site-packages/sqlalchemy/dialects/postgresql/asyncpg.py", line 818, in ping
    |     self._handle_exception(error)
    |   File "/root/projetos/navaro/packages/api/venv/lib/python3.12/site-packages/sqlalchemy/dialects/postgresql/asyncpg.py", line 799, in _handle_exception
    |     raise error
    |   File "/root/projetos/navaro/packages/api/venv/lib/python3.12/site-packages/sqlalchemy/dialects/postgresql/asyncpg.py", line 816, in ping
    |     _ = self.await_(self._async_ping())
    |         ^^^^^^^^^^^^^^^^^^^^^^^^^^^^^^^
    |   File "/root/projetos/navaro/packages/api/venv/lib/python3.12/site-packages/sqlalchemy/util/_concurrency_py3k.py", line 132, in await_only
    |     return current.parent.switch(awaitable)  # type: ignore[no-any-return,attr-defined] # noqa: E501
    |            ^^^^^^^^^^^^^^^^^^^^^^^^^^^^^^^^
    |   File "/root/projetos/navaro/packages/api/venv/lib/python3.12/site-packages/sqlalchemy/util/_concurrency_py3k.py", line 196, in greenlet_spawn
    |     value = await result
    |             ^^^^^^^^^^^^
    |   File "/root/projetos/navaro/packages/api/venv/lib/python3.12/site-packages/sqlalchemy/dialects/postgresql/asyncpg.py", line 825, in _async_ping
    |     await tr.start()
    |   File "/root/projetos/navaro/packages/api/venv/lib/python3.12/site-packages/asyncpg/transaction.py", line 146, in start
    |     await self._connection.execute(query)
    |   File "/root/projetos/navaro/packages/api/venv/lib/python3.12/site-packages/asyncpg/connection.py", line 354, in execute
    |     result = await self._protocol.query(query, timeout)
    |              ^^^^^^^^^^^^^^^^^^^^^^^^^^^^^^^^^^^^^^^^^^
    |   File "asyncpg/protocol/protocol.pyx", line 369, in query
    | RuntimeError: Task <Task pending name='starlette.middleware.base.BaseHTTPMiddleware.__call__.<locals>.call_next.<locals>.coro' coro=<BaseHTTPMiddleware.__call__.<locals>.call_next.<locals>.coro() running at /root/projetos/navaro/packages/api/venv/lib/python3.12/site-packages/starlette/middleware/base.py:144> cb=[TaskGroup._spawn.<locals>.task_done() at /root/projetos/navaro/packages/api/venv/lib/python3.12/site-packages/anyio/_backends/_asyncio.py:805]> got Future <Future pending cb=[BaseProtocol._on_waiter_completed()]> attached to a different loop
    +------------------------------------

The above exception was the direct cause of the following exception:

Traceback (most recent call last):
  File "/root/projetos/navaro/packages/api/app/core/middleware.py", line 78, in dispatch
    return await call_next(request)
           ^^^^^^^^^^^^^^^^^^^^^^^^
  File "/root/projetos/navaro/packages/api/venv/lib/python3.12/site-packages/starlette/middleware/base.py", line 168, in call_next
    raise app_exc from app_exc.__cause__ or app_exc.__context__
  File "/root/projetos/navaro/packages/api/venv/lib/python3.12/site-packages/starlette/middleware/base.py", line 144, in coro
    await self.app(scope, receive_or_disconnect, send_no_error)
  File "/root/projetos/navaro/packages/api/venv/lib/python3.12/site-packages/starlette/middleware/base.py", line 191, in __call__
    with recv_stream, send_stream, collapse_excgroups():
  File "/usr/lib/python3.12/contextlib.py", line 158, in __exit__
    self.gen.throw(value)
  File "/root/projetos/navaro/packages/api/venv/lib/python3.12/site-packages/starlette/_utils.py", line 85, in collapse_excgroups
    raise exc
  File "/root/projetos/navaro/packages/api/venv/lib/python3.12/site-packages/starlette/middleware/base.py", line 193, in __call__
    response = await self.dispatch_func(request, call_next)
               ^^^^^^^^^^^^^^^^^^^^^^^^^^^^^^^^^^^^^^^^^^^^
  File "/root/projetos/navaro/packages/api/app/core/middleware.py", line 164, in dispatch
    return await call_next(request)
           ^^^^^^^^^^^^^^^^^^^^^^^^
  File "/root/projetos/navaro/packages/api/venv/lib/python3.12/site-packages/starlette/middleware/base.py", line 168, in call_next
    raise app_exc from app_exc.__cause__ or app_exc.__context__
  File "/root/projetos/navaro/packages/api/venv/lib/python3.12/site-packages/starlette/middleware/base.py", line 144, in coro
    await self.app(scope, receive_or_disconnect, send_no_error)
  File "/root/projetos/navaro/packages/api/venv/lib/python3.12/site-packages/starlette/middleware/cors.py", line 85, in __call__
    await self.app(scope, receive, send)
  File "/root/projetos/navaro/packages/api/venv/lib/python3.12/site-packages/starlette/middleware/exceptions.py", line 63, in __call__
    await wrap_app_handling_exceptions(self.app, conn)(scope, receive, send)
  File "/root/projetos/navaro/packages/api/venv/lib/python3.12/site-packages/starlette/_exception_handler.py", line 53, in wrapped_app
    raise exc
  File "/root/projetos/navaro/packages/api/venv/lib/python3.12/site-packages/starlette/_exception_handler.py", line 42, in wrapped_app
    await app(scope, receive, sender)
  File "/root/projetos/navaro/packages/api/venv/lib/python3.12/site-packages/fastapi/middleware/asyncexitstack.py", line 18, in __call__
    await self.app(scope, receive, send)
  File "/root/projetos/navaro/packages/api/venv/lib/python3.12/site-packages/starlette/routing.py", line 716, in __call__
    await self.middleware_stack(scope, receive, send)
  File "/root/projetos/navaro/packages/api/venv/lib/python3.12/site-packages/starlette/routing.py", line 736, in app
    await route.handle(scope, receive, send)
  File "/root/projetos/navaro/packages/api/venv/lib/python3.12/site-packages/starlette/routing.py", line 290, in handle
    await self.app(scope, receive, send)
  File "/root/projetos/navaro/packages/api/venv/lib/python3.12/site-packages/fastapi/routing.py", line 115, in app
    await wrap_app_handling_exceptions(app, request)(scope, receive, send)
  File "/root/projetos/navaro/packages/api/venv/lib/python3.12/site-packages/starlette/_exception_handler.py", line 53, in wrapped_app
    raise exc
  File "/root/projetos/navaro/packages/api/venv/lib/python3.12/site-packages/starlette/_exception_handler.py", line 42, in wrapped_app
    await app(scope, receive, sender)
  File "/root/projetos/navaro/packages/api/venv/lib/python3.12/site-packages/fastapi/routing.py", line 101, in app
    response = await f(request)
               ^^^^^^^^^^^^^^^^
  File "/root/projetos/navaro/packages/api/venv/lib/python3.12/site-packages/fastapi/routing.py", line 355, in app
    raw_response = await run_endpoint_function(
                   ^^^^^^^^^^^^^^^^^^^^^^^^^^^^
  File "/root/projetos/navaro/packages/api/venv/lib/python3.12/site-packages/fastapi/routing.py", line 243, in run_endpoint_function
    return await dependant.call(**values)
           ^^^^^^^^^^^^^^^^^^^^^^^^^^^^^^
  File "/root/projetos/navaro/packages/api/app/api/v1/auth.py", line 134, in verify_code
    result = await db.execute(
             ^^^^^^^^^^^^^^^^^
  File "/root/projetos/navaro/packages/api/venv/lib/python3.12/site-packages/sqlalchemy/ext/asyncio/session.py", line 449, in execute
    result = await greenlet_spawn(
             ^^^^^^^^^^^^^^^^^^^^^
  File "/root/projetos/navaro/packages/api/venv/lib/python3.12/site-packages/sqlalchemy/util/_concurrency_py3k.py", line 201, in greenlet_spawn
    result = context.throw(*sys.exc_info())
             ^^^^^^^^^^^^^^^^^^^^^^^^^^^^^^
  File "/root/projetos/navaro/packages/api/venv/lib/python3.12/site-packages/sqlalchemy/orm/session.py", line 2351, in execute
    return self._execute_internal(
           ^^^^^^^^^^^^^^^^^^^^^^^
  File "/root/projetos/navaro/packages/api/venv/lib/python3.12/site-packages/sqlalchemy/orm/session.py", line 2239, in _execute_internal
[...]
    |     result = await db.execute(
    |              ^^^^^^^^^^^^^^^^^
    |   File "/root/projetos/navaro/packages/api/venv/lib/python3.12/site-packages/sqlalchemy/ext/asyncio/session.py", line 449, in execute
    |     result = await greenlet_spawn(
    |              ^^^^^^^^^^^^^^^^^^^^^
    |   File "/root/projetos/navaro/packages/api/venv/lib/python3.12/site-packages/sqlalchemy/util/_concurrency_py3k.py", line 201, in greenlet_spawn
    |     result = context.throw(*sys.exc_info())
    |              ^^^^^^^^^^^^^^^^^^^^^^^^^^^^^^
    |   File "/root/projetos/navaro/packages/api/venv/lib/python3.12/site-packages/sqlalchemy/orm/session.py", line 2351, in execute
    |     return self._execute_internal(
    |            ^^^^^^^^^^^^^^^^^^^^^^^
    |   File "/root/projetos/navaro/packages/api/venv/lib/python3.12/site-packages/sqlalchemy/orm/session.py", line 2239, in _execute_internal
    |     conn = self._connection_for_bind(bind)
    |            ^^^^^^^^^^^^^^^^^^^^^^^^^^^^^^^
    |   File "/root/projetos/navaro/packages/api/venv/lib/python3.12/site-packages/sqlalchemy/orm/session.py", line 2108, in _connection_for_bind
    |     return trans._connection_for_bind(engine, execution_options)
    |            ^^^^^^^^^^^^^^^^^^^^^^^^^^^^^^^^^^^^^^^^^^^^^^^^^^^^^
    |   File "<string>", line 2, in _connection_for_bind
    |   File "/root/projetos/navaro/packages/api/venv/lib/python3.12/site-packages/sqlalchemy/orm/state_changes.py", line 137, in _go
    |     ret_value = fn(self, *arg, **kw)
    |                 ^^^^^^^^^^^^^^^^^^^^
    |   File "/root/projetos/navaro/packages/api/venv/lib/python3.12/site-packages/sqlalchemy/orm/session.py", line 1187, in _connection_for_bind
    |     conn = bind.connect()
    |            ^^^^^^^^^^^^^^
    |   File "/root/projetos/navaro/packages/api/venv/lib/python3.12/site-packages/sqlalchemy/engine/base.py", line 3285, in connect
    |     return self._connection_cls(self)
    |            ^^^^^^^^^^^^^^^^^^^^^^^^^^
    |   File "/root/projetos/navaro/packages/api/venv/lib/python3.12/site-packages/sqlalchemy/engine/base.py", line 143, in __init__
    |     self._dbapi_connection = engine.raw_connection()
    |                              ^^^^^^^^^^^^^^^^^^^^^^^
    |   File "/root/projetos/navaro/packages/api/venv/lib/python3.12/site-packages/sqlalchemy/engine/base.py", line 3309, in raw_connection
    |     return self.pool.connect()
    |            ^^^^^^^^^^^^^^^^^^^
    |   File "/root/projetos/navaro/packages/api/venv/lib/python3.12/site-packages/sqlalchemy/pool/base.py", line 447, in connect
    |     return _ConnectionFairy._checkout(self)
    |            ^^^^^^^^^^^^^^^^^^^^^^^^^^^^^^^^
    |   File "/root/projetos/navaro/packages/api/venv/lib/python3.12/site-packages/sqlalchemy/pool/base.py", line 1363, in _checkout
    |     with util.safe_reraise():
    |   File "/root/projetos/navaro/packages/api/venv/lib/python3.12/site-packages/sqlalchemy/util/langhelpers.py", line 224, in __exit__
    |     raise exc_value.with_traceback(exc_tb)
    |   File "/root/projetos/navaro/packages/api/venv/lib/python3.12/site-packages/sqlalchemy/pool/base.py", line 1301, in _checkout
    |     result = pool._dialect._do_ping_w_event(
    |              ^^^^^^^^^^^^^^^^^^^^^^^^^^^^^^^
    |   File "/root/projetos/navaro/packages/api/venv/lib/python3.12/site-packages/sqlalchemy/engine/default.py", line 729, in _do_ping_w_event
    |     return self.do_ping(dbapi_connection)
    |            ^^^^^^^^^^^^^^^^^^^^^^^^^^^^^^
    |   File "/root/projetos/navaro/packages/api/venv/lib/python3.12/site-packages/sqlalchemy/dialects/postgresql/asyncpg.py", line 1160, in do_ping
    |     dbapi_connection.ping()
    |   File "/root/projetos/navaro/packages/api/venv/lib/python3.12/site-packages/sqlalchemy/dialects/postgresql/asyncpg.py", line 818, in ping
    |     self._handle_exception(error)
    |   File "/root/projetos/navaro/packages/api/venv/lib/python3.12/site-packages/sqlalchemy/dialects/postgresql/asyncpg.py", line 799, in _handle_exception
    |     raise error
    |   File "/root/projetos/navaro/packages/api/venv/lib/python3.12/site-packages/sqlalchemy/dialects/postgresql/asyncpg.py", line 816, in ping
    |     _ = self.await_(self._async_ping())
    |         ^^^^^^^^^^^^^^^^^^^^^^^^^^^^^^^
    |   File "/root/projetos/navaro/packages/api/venv/lib/python3.12/site-packages/sqlalchemy/util/_concurrency_py3k.py", line 132, in await_only
    |     return current.parent.switch(awaitable)  # type: ignore[no-any-return,attr-defined] # noqa: E501
    |            ^^^^^^^^^^^^^^^^^^^^^^^^^^^^^^^^
    |   File "/root/projetos/navaro/packages/api/venv/lib/python3.12/site-packages/sqlalchemy/util/_concurrency_py3k.py", line 196, in greenlet_spawn
    |     value = await result
    |             ^^^^^^^^^^^^
    |   File "/root/projetos/navaro/packages/api/venv/lib/python3.12/site-packages/sqlalchemy/dialects/postgresql/asyncpg.py", line 825, in _async_ping
    |     await tr.start()
    |   File "/root/projetos/navaro/packages/api/venv/lib/python3.12/site-packages/asyncpg/transaction.py", line 146, in start
    |     await self._connection.execute(query)
    |   File "/root/projetos/navaro/packages/api/venv/lib/python3.12/site-packages/asyncpg/connection.py", line 354, in execute
    |     result = await self._protocol.query(query, timeout)
    |              ^^^^^^^^^^^^^^^^^^^^^^^^^^^^^^^^^^^^^^^^^^
    |   File "asyncpg/protocol/protocol.pyx", line 369, in query
    | RuntimeError: Task <Task pending name='starlette.middleware.base.BaseHTTPMiddleware.__call__.<locals>.call_next.<locals>.coro' coro=<BaseHTTPMiddleware.__call__.<locals>.call_next.<locals>.coro() running at /root/projetos/navaro/packages/api/venv/lib/python3.12/site-packages/starlette/middleware/base.py:144> cb=[TaskGroup._spawn.<locals>.task_done() at /root/projetos/navaro/packages/api/venv/lib/python3.12/site-packages/anyio/_backends/_asyncio.py:805]> got Future <Future pending cb=[BaseProtocol._on_waiter_completed()]> attached to a different loop
    +------------------------------------

The above exception was the direct cause of the following exception:

Traceback (most recent call last):
  File "/root/projetos/navaro/packages/api/app/core/middleware.py", line 78, in dispatch
    return await call_next(request)
           ^^^^^^^^^^^^^^^^^^^^^^^^
  File "/root/projetos/navaro/packages/api/venv/lib/python3.12/site-packages/starlette/middleware/base.py", line 168, in call_next
    raise app_exc from app_exc.__cause__ or app_exc.__context__
  File "/root/projetos/navaro/packages/api/venv/lib/python3.12/site-packages/starlette/middleware/base.py", line 144, in coro
    await self.app(scope, receive_or_disconnect, send_no_error)
  File "/root/projetos/navaro/packages/api/venv/lib/python3.12/site-packages/starlette/middleware/base.py", line 191, in __call__
    with recv_stream, send_stream, collapse_excgroups():
  File "/usr/lib/python3.12/contextlib.py", line 158, in __exit__
    self.gen.throw(value)
  File "/root/projetos/navaro/packages/api/venv/lib/python3.12/site-packages/starlette/_utils.py", line 85, in collapse_excgroups
    raise exc
  File "/root/projetos/navaro/packages/api/venv/lib/python3.12/site-packages/starlette/middleware/base.py", line 193, in __call__
    response = await self.dispatch_func(request, call_next)
               ^^^^^^^^^^^^^^^^^^^^^^^^^^^^^^^^^^^^^^^^^^^^
  File "/root/projetos/navaro/packages/api/app/core/middleware.py", line 164, in dispatch
    return await call_next(request)
           ^^^^^^^^^^^^^^^^^^^^^^^^
  File "/root/projetos/navaro/packages/api/venv/lib/python3.12/site-packages/starlette/middleware/base.py", line 168, in call_next
    raise app_exc from app_exc.__cause__ or app_exc.__context__
  File "/root/projetos/navaro/packages/api/venv/lib/python3.12/site-packages/starlette/middleware/base.py", line 144, in coro
    await self.app(scope, receive_or_disconnect, send_no_error)
  File "/root/projetos/navaro/packages/api/venv/lib/python3.12/site-packages/starlette/middleware/cors.py", line 85, in __call__
    await self.app(scope, receive, send)
  File "/root/projetos/navaro/packages/api/venv/lib/python3.12/site-packages/starlette/middleware/exceptions.py", line 63, in __call__
    await wrap_app_handling_exceptions(self.app, conn)(scope, receive, send)
  File "/root/projetos/navaro/packages/api/venv/lib/python3.12/site-packages/starlette/_exception_handler.py", line 53, in wrapped_app
    raise exc
  File "/root/projetos/navaro/packages/api/venv/lib/python3.12/site-packages/starlette/_exception_handler.py", line 42, in wrapped_app
    await app(scope, receive, sender)
  File "/root/projetos/navaro/packages/api/venv/lib/python3.12/site-packages/fastapi/middleware/asyncexitstack.py", line 18, in __call__
    await self.app(scope, receive, send)
  File "/root/projetos/navaro/packages/api/venv/lib/python3.12/site-packages/starlette/routing.py", line 716, in __call__
    await self.middleware_stack(scope, receive, send)
  File "/root/projetos/navaro/packages/api/venv/lib/python3.12/site-packages/starlette/routing.py", line 736, in app
    await route.handle(scope, receive, send)
  File "/root/projetos/navaro/packages/api/venv/lib/python3.12/site-packages/starlette/routing.py", line 290, in handle
    await self.app(scope, receive, send)
  File "/root/projetos/navaro/packages/api/venv/lib/python3.12/site-packages/fastapi/routing.py", line 115, in app
    await wrap_app_handling_exceptions(app, request)(scope, receive, send)
  File "/root/projetos/navaro/packages/api/venv/lib/python3.12/site-packages/starlette/_exception_handler.py", line 53, in wrapped_app
    raise exc
  File "/root/projetos/navaro/packages/api/venv/lib/python3.12/site-packages/starlette/_exception_handler.py", line 42, in wrapped_app
    await app(scope, receive, sender)
  File "/root/projetos/navaro/packages/api/venv/lib/python3.12/site-packages/fastapi/routing.py", line 101, in app
    response = await f(request)
               ^^^^^^^^^^^^^^^^
  File "/root/projetos/navaro/packages/api/venv/lib/python3.12/site-packages/fastapi/routing.py", line 355, in app
    raw_response = await run_endpoint_function(
                   ^^^^^^^^^^^^^^^^^^^^^^^^^^^^
  File "/root/projetos/navaro/packages/api/venv/lib/python3.12/site-packages/fastapi/routing.py", line 243, in run_endpoint_function
    return await dependant.call(**values)
           ^^^^^^^^^^^^^^^^^^^^^^^^^^^^^^
  File "/root/projetos/navaro/packages/api/app/api/v1/auth.py", line 134, in verify_code
    result = await db.execute(
             ^^^^^^^^^^^^^^^^^
  File "/root/projetos/navaro/packages/api/venv/lib/python3.12/site-packages/sqlalchemy/ext/asyncio/session.py", line 449, in execute
    result = await greenlet_spawn(
             ^^^^^^^^^^^^^^^^^^^^^
  File "/root/projetos/navaro/packages/api/venv/lib/python3.12/site-packages/sqlalchemy/util/_concurrency_py3k.py", line 201, in greenlet_spawn
    result = context.throw(*sys.exc_info())
             ^^^^^^^^^^^^^^^^^^^^^^^^^^^^^^
  File "/root/projetos/navaro/packages/api/venv/lib/python3.12/site-packages/sqlalchemy/orm/session.py", line 2351, in execute
    return self._execute_internal(
           ^^^^^^^^^^^^^^^^^^^^^^^
  File "/root/projetos/navaro/packages/api/venv/lib/python3.12/site-packages/sqlalchemy/orm/session.py", line 2239, in _execute_internal
    conn = self._connection_for_bind(bind)
           ^^^^^^^^^^^^^^^^^^^^^^^^^^^^^^^
  File "/root/projetos/navaro/packages/api/venv/lib/python3.12/site-packages/sqlalchemy/orm/session.py", line 2108, in _connection_for_bind
    return trans._connection_for_bind(engine, execution_options)
           ^^^^^^^^^^^^^^^^^^^^^^^^^^^^^^^^^^^^^^^^^^^^^^^^^^^^^
  File "<string>", line 2, in _connection_for_bind
  File "/root/projetos/navaro/packages/api/venv/lib/python3.12/site-packages/sqlalchemy/orm/state_changes.py", line 137, in _go
    ret_value = fn(self, *arg, **kw)
                ^^^^^^^^^^^^^^^^^^^^
  File "/root/projetos/navaro/packages/api/venv/lib/python3.12/site-packages/sqlalchemy/orm/session.py", line 1187, in _connection_for_bind
    conn = bind.connect()
           ^^^^^^^^^^^^^^
  File "/root/projetos/navaro/packages/api/venv/lib/python3.12/site-packages/sqlalchemy/engine/base.py", line 3285, in connect
    return self._connection_cls(self)
           ^^^^^^^^^^^^^^^^^^^^^^^^^^
  File "/root/projetos/navaro/packages/api/venv/lib/python3.12/site-packages/sqlalchemy/engine/base.py", line 143, in __init__
    self._dbapi_connection = engine.raw_connection()
                             ^^^^^^^^^^^^^^^^^^^^^^^
  File "/root/projetos/navaro/packages/api/venv/lib/python3.12/site-packages/sqlalchemy/engine/base.py", line 3309, in raw_connection
    return self.pool.connect()
           ^^^^^^^^^^^^^^^^^^^
  File "/root/projetos/navaro/packages/api/venv/lib/python3.12/site-packages/sqlalchemy/pool/base.py", line 447, in connect
    return _ConnectionFairy._checkout(self)
           ^^^^^^^^^^^^^^^^^^^^^^^^^^^^^^^^
  File "/root/projetos/navaro/packages/api/venv/lib/python3.12/site-packages/sqlalchemy/pool/base.py", line 1363, in _checkout
    with util.safe_reraise():
  File "/root/projetos/navaro/packages/api/venv/lib/python3.12/site-packages/sqlalchemy/util/langhelpers.py", line 224, in __exit__
    raise exc_value.with_traceback(exc_tb)
  File "/root/projetos/navaro/packages/api/venv/lib/python3.12/site-packages/sqlalchemy/pool/base.py", line 1301, in _checkout
    result = pool._dialect._do_ping_w_event(
             ^^^^^^^^^^^^^^^^^^^^^^^^^^^^^^^
  File "/root/projetos/navaro/packages/api/venv/lib/python3.12/site-packages/sqlalchemy/engine/default.py", line 729, in _do_ping_w_event
    return self.do_ping(dbapi_connection)
           ^^^^^^^^^^^^^^^^^^^^^^^^^^^^^^
  File "/root/projetos/navaro/packages/api/venv/lib/python3.12/site-packages/sqlalchemy/dialects/postgresql/asyncpg.py", line 1160, in do_ping
    dbapi_connection.ping()
  File "/root/projetos/navaro/packages/api/venv/lib/python3.12/site-packages/sqlalchemy/dialects/postgresql/asyncpg.py", line 818, in ping
    self._handle_exception(error)
  File "/root/projetos/navaro/packages/api/venv/lib/python3.12/site-packages/sqlalchemy/dialects/postgresql/asyncpg.py", line 799, in _handle_exception
    raise error
  File "/root/projetos/navaro/packages/api/venv/lib/python3.12/site-packages/sqlalchemy/dialects/postgresql/asyncpg.py", line 816, in ping
    _ = self.await_(self._async_ping())
        ^^^^^^^^^^^^^^^^^^^^^^^^^^^^^^^
  File "/root/projetos/navaro/packages/api/venv/lib/python3.12/site-packages/sqlalchemy/util/_concurrency_py3k.py", line 132, in await_only
    return current.parent.switch(awaitable)  # type: ignore[no-any-return,attr-defined] # noqa: E501
           ^^^^^^^^^^^^^^^^^^^^^^^^^^^^^^^^
  File "/root/projetos/navaro/packages/api/venv/lib/python3.12/site-packages/sqlalchemy/util/_concurrency_py3k.py", line 196, in greenlet_spawn
    value = await result
            ^^^^^^^^^^^^
  File "/root/projetos/navaro/packages/api/venv/lib/python3.12/site-packages/sqlalchemy/dialects/postgresql/asyncpg.py", line 825, in _async_ping
    await tr.start()
  File "/root/projetos/navaro/packages/api/venv/lib/python3.12/site-packages/asyncpg/transaction.py", line 146, in start
    await self._connection.execute(query)
  File "/root/projetos/navaro/packages/api/venv/lib/python3.12/site-packages/asyncpg/connection.py", line 354, in execute
    result = await self._protocol.query(query, timeout)
             ^^^^^^^^^^^^^^^^^^^^^^^^^^^^^^^^^^^^^^^^^^
  File "asyncpg/protocol/protocol.pyx", line 369, in query
RuntimeError: Task <Task pending name='starlette.middleware.base.BaseHTTPMiddleware.__call__.<locals>.call_next.<locals>.coro' coro=<BaseHTTPMiddleware.__call__.<locals>.call_next.<locals>.coro() running at /root/projetos/navaro/packages/api/venv/lib/python3.12/site-packages/starlette/middleware/base.py:144> cb=[TaskGroup._spawn.<locals>.task_done() at /root/projetos/navaro/packages/api/venv/lib/python3.12/site-packages/anyio/_backends/_asyncio.py:805]> got Future <Future pending cb=[BaseProtocol._on_waiter_completed()]> attached to a different loop
ERROR    app.core.middleware:middleware.py:56 [2m2026-02-05T03:33:11.258801Z[0m [[31m[1merror    [0m] [1mRequest completed             [0m [[0m[1m[34mapp.core.middleware[0m][0m [36mapp[0m=[35m'Navaro API'[0m [36mduration_ms[0m=[35m39.95[0m [36menvironment[0m=[35mdevelopment[0m [36mmethod[0m=[35mPOST[0m [36mmode[0m=[35mdebug[0m [36mpath[0m=[35m/api/v1/auth/verify[0m [36mrequest_id[0m=[35m86035b8c-ecf3-4a32-bf14-62e9004f2cc9[0m [36mstatus_code[0m=[35m500[0m [36mversion[0m=[35m1.0.0[0m
---------------------------- Captured log teardown -----------------------------
INFO     app.main:main.py:42 [2m2026-02-05T03:33:11.360936Z[0m [[32m[1minfo     [0m] [1mShutting down application     [0m [[0m[1m[34mapp.main[0m][0m [36mapp[0m=[35m'Navaro API'[0m [36menvironment[0m=[35mdevelopment[0m [36mmode[0m=[35mdebug[0m [36mversion[0m=[35m1.0.0[0m
INFO     app.main:main.py:44 [2m2026-02-05T03:33:11.362098Z[0m [[32m[1minfo     [0m] [1mDatabase connections closed   [0m [[0m[1m[34mapp.main[0m][0m [36mapp[0m=[35m'Navaro API'[0m [36menvironment[0m=[35mdevelopment[0m [36mmode[0m=[35mdebug[0m [36mversion[0m=[35m1.0.0[0m
ERROR    asyncio:base_events.py:1821 Future exception was never retrieved
future: <Future finished exception=InternalClientError('got result for unknown protocol state 3')>
Traceback (most recent call last):
  File "asyncpg/protocol/protocol.pyx", line 892, in asyncpg.protocol.protocol.BaseProtocol._dispatch_result
asyncpg.exceptions._base.InternalClientError: got result for unknown protocol state 3
=============================== warnings summary ===============================
venv/lib/python3.12/site-packages/passlib/utils/__init__.py:854
  /root/projetos/navaro/packages/api/venv/lib/python3.12/site-packages/passlib/utils/__init__.py:854: DeprecationWarning: 'crypt' is deprecated and slated for removal in Python 3.13
    from crypt import crypt as _crypt

app/api/v1/users.py:16
  /root/projetos/navaro/packages/api/app/api/v1/users.py:16: PydanticDeprecatedSince20: Support for class-based `config` is deprecated, use ConfigDict instead. Deprecated in Pydantic V2.0 to be removed in V3.0. See Pydantic V2 Migration Guide at https://errors.pydantic.dev/2.12/migration/
    class UserResponse(BaseModel):

app/api/v1/establishments.py:55
  /root/projetos/navaro/packages/api/app/api/v1/establishments.py:55: PydanticDeprecatedSince20: Support for class-based `config` is deprecated, use ConfigDict instead. Deprecated in Pydantic V2.0 to be removed in V3.0. See Pydantic V2 Migration Guide at https://errors.pydantic.dev/2.12/migration/
    class EstablishmentResponse(BaseModel):

app/api/v1/services.py:38
  /root/projetos/navaro/packages/api/app/api/v1/services.py:38: PydanticDeprecatedSince20: Support for class-based `config` is deprecated, use ConfigDict instead. Deprecated in Pydantic V2.0 to be removed in V3.0. See Pydantic V2 Migration Guide at https://errors.pydantic.dev/2.12/migration/
    class ServiceResponse(BaseModel):

app/api/v1/staff.py:39
  /root/projetos/navaro/packages/api/app/api/v1/staff.py:39: PydanticDeprecatedSince20: Support for class-based `config` is deprecated, use ConfigDict instead. Deprecated in Pydantic V2.0 to be removed in V3.0. See Pydantic V2 Migration Guide at https://errors.pydantic.dev/2.12/migration/
    class StaffResponse(BaseModel):

-- Docs: https://docs.pytest.org/en/stable/how-to/capture-warnings.html
=========================== short test summary info ============================
FAILED tests/api/v1/test_auth.py::test_auth_flow - assert 500 == 200
======================== 1 failed, 5 warnings in 0.50s =========================
